!SESSION 2014-12-19 11:10:59.294 -----------------------------------------------
eclipse.buildId=4.4.1.M20140925-0400
java.version=1.7.0_71
java.vendor=Oracle Corporation
BootLoader constants: OS=win32, ARCH=x86_64, WS=win32, NL=ru_RU
Framework arguments:  -product org.eclipse.epp.package.java.product
Command-line arguments:  -os win32 -ws win32 -arch x86_64 -product org.eclipse.epp.package.java.product

This is a continuation of log file D:\Lena\repository\programming-for-testers\.metadata\.bak_0.log
Created Time: 2014-12-19 13:34:48.104

!ENTRY org.testng.eclipse 1 0 2014-12-19 13:34:48.104
!MESSAGE [TestNGLaunchShortcut] Examining Java element:com.example.tests [in src [in addressbook-seleniun-tests]]
  ContactData.java
    package com.example.tests
    class ContactData
      String firstName
      String lastName
      String homePhone
      String mobilePhome
      String workPhone
      String mail
      String mail2
      String year
      String address
      String home
      ContactData()
      ContactData(String, String, String, String, String, String, String, String, String, String)
  SelectContactData.java
    package com.example.tests
    class SelectContactData
      String day
      String month
      String group
      SelectContactData()
      SelectContactData(String, String, String)
  [Working copy] TestBase.java
    package com.example.tests
    import org.testng.annotations.AfterTest
    import org.testng.annotations.BeforeTest
    import com.example.fw.ApplicationManager
    class TestBase
      ApplicationManager app
      void setUp()
      void tearDown()
  GroupData.java
    package com.example.tests
    class GroupData
      String name
      String header
      String footer
      GroupData()
      GroupData(String, String, String)
  [Working copy] GroupCreationTests.java
    package com.example.tests
    import org.testng.annotations.Test
    class GroupCreationTests
      void testNonEmptyGroupCreation()
      void testEmptyGroupCreation1()
  [Working copy] ContactCreationTests.java
    package com.example.tests
    import org.testng.annotations.Test
    class ContactCreationTests
      void testEmptyContactCreation()
      void testNonEmptyContactCreation()

!ENTRY org.testng.eclipse 1 0 2014-12-19 13:34:48.204
!MESSAGE [TestNGLaunchConfigurationDelegate] Launching:
  Classpath: /D:/Lena/eclipse/plugins/org.testng.eclipse_6.8.6.20141201_2240/lib/testng.jar D:\Lena\repository\programming-for-testers\addressbook-seleniun-tests\bin D:\Lena\eclipse\plugins\org.testng.eclipse_6.8.6.20141201_2240\lib\testng.jar D:\Lena\selenium-server-standalone-2.44.0.jar
  VMArgs:    -ea
  Class:     org.testng.remote.RemoteTestNG
  Args:      -serport 58839 -d D:\Lena\repository\programming-for-testers\addressbook-seleniun-tests\test-output C:\Users\ADMINI~1\AppData\Local\Temp\testng-eclipse--872865039\testng-customsuite.xml
java -ea -classpath /D:/Lena/eclipse/plugins/org.testng.eclipse_6.8.6.20141201_2240/lib/testng.jar:D:\Lena\repository\programming-for-testers\addressbook-seleniun-tests\bin:D:\Lena\eclipse\plugins\org.testng.eclipse_6.8.6.20141201_2240\lib\testng.jar:D:\Lena\selenium-server-standalone-2.44.0.jar org.testng.remote.RemoteTestNG -serport 58839 -d D:\Lena\repository\programming-for-testers\addressbook-seleniun-tests\test-output C:\Users\ADMINI~1\AppData\Local\Temp\testng-eclipse--872865039\testng-customsuite.xml

!ENTRY org.testng.eclipse 1 0 2014-12-19 13:36:38.342
!MESSAGE [TestNGLaunchShortcut] Examining Java element:com.example.tests [in src [in addressbook-seleniun-tests]]
  ContactData.java
    package com.example.tests
    class ContactData
      String firstName
      String lastName
      String homePhone
      String mobilePhome
      String workPhone
      String mail
      String mail2
      String year
      String address
      String home
      ContactData()
      ContactData(String, String, String, String, String, String, String, String, String, String)
  SelectContactData.java
    package com.example.tests
    class SelectContactData
      String day
      String month
      String group
      SelectContactData()
      SelectContactData(String, String, String)
  [Working copy] TestBase.java
    package com.example.tests
    import org.testng.annotations.AfterTest
    import org.testng.annotations.BeforeTest
    import com.example.fw.ApplicationManager
    class TestBase
      ApplicationManager app
      void setUp()
      void tearDown()
  GroupData.java
    package com.example.tests
    class GroupData
      String name
      String header
      String footer
      GroupData()
      GroupData(String, String, String)
  [Working copy] GroupCreationTests.java
    package com.example.tests
    import org.testng.annotations.Test
    class GroupCreationTests
      void testNonEmptyGroupCreation()
      void testEmptyGroupCreation1()
  [Working copy] ContactCreationTests.java
    package com.example.tests
    import org.testng.annotations.Test
    class ContactCreationTests
      void testEmptyContactCreation()
      void testNonEmptyContactCreation()

!ENTRY org.testng.eclipse 1 0 2014-12-19 13:36:40.572
!MESSAGE [TestNGLaunchConfigurationDelegate] Launching:
  Classpath: /D:/Lena/eclipse/plugins/org.testng.eclipse_6.8.6.20141201_2240/lib/testng.jar D:\Lena\repository\programming-for-testers\addressbook-seleniun-tests\bin D:\Lena\eclipse\plugins\org.testng.eclipse_6.8.6.20141201_2240\lib\testng.jar D:\Lena\selenium-server-standalone-2.44.0.jar
  VMArgs:    -ea
  Class:     org.testng.remote.RemoteTestNG
  Args:      -serport 58873 -d D:\Lena\repository\programming-for-testers\addressbook-seleniun-tests\test-output C:\Users\ADMINI~1\AppData\Local\Temp\testng-eclipse--2116804206\testng-customsuite.xml
java -ea -classpath /D:/Lena/eclipse/plugins/org.testng.eclipse_6.8.6.20141201_2240/lib/testng.jar:D:\Lena\repository\programming-for-testers\addressbook-seleniun-tests\bin:D:\Lena\eclipse\plugins\org.testng.eclipse_6.8.6.20141201_2240\lib\testng.jar:D:\Lena\selenium-server-standalone-2.44.0.jar org.testng.remote.RemoteTestNG -serport 58873 -d D:\Lena\repository\programming-for-testers\addressbook-seleniun-tests\test-output C:\Users\ADMINI~1\AppData\Local\Temp\testng-eclipse--2116804206\testng-customsuite.xml

!ENTRY org.testng.eclipse 1 0 2014-12-19 13:40:24.682
!MESSAGE [TestNGLaunchShortcut] Examining Java element:[Working copy] ContactCreationTests.java [in com.example.tests [in src [in addressbook-seleniun-tests]]]
  package com.example.tests
  import org.testng.annotations.Test
  class ContactCreationTests
    void testEmptyContactCreation()
    void testNonEmptyContactCreation()

!ENTRY org.testng.eclipse 1 0 2014-12-19 13:40:24.982
!MESSAGE [TestNGLaunchConfigurationDelegate] Launching:
  Classpath: /D:/Lena/eclipse/plugins/org.testng.eclipse_6.8.6.20141201_2240/lib/testng.jar D:\Lena\repository\programming-for-testers\addressbook-seleniun-tests\bin D:\Lena\eclipse\plugins\org.testng.eclipse_6.8.6.20141201_2240\lib\testng.jar D:\Lena\selenium-server-standalone-2.44.0.jar
  VMArgs:    -ea
  Class:     org.testng.remote.RemoteTestNG
  Args:      -serport 58971 -d D:\Lena\repository\programming-for-testers\addressbook-seleniun-tests\test-output C:\Users\ADMINI~1\AppData\Local\Temp\testng-eclipse-1496325098\testng-customsuite.xml
java -ea -classpath /D:/Lena/eclipse/plugins/org.testng.eclipse_6.8.6.20141201_2240/lib/testng.jar:D:\Lena\repository\programming-for-testers\addressbook-seleniun-tests\bin:D:\Lena\eclipse\plugins\org.testng.eclipse_6.8.6.20141201_2240\lib\testng.jar:D:\Lena\selenium-server-standalone-2.44.0.jar org.testng.remote.RemoteTestNG -serport 58971 -d D:\Lena\repository\programming-for-testers\addressbook-seleniun-tests\test-output C:\Users\ADMINI~1\AppData\Local\Temp\testng-eclipse-1496325098\testng-customsuite.xml

!ENTRY org.testng.eclipse 1 0 2014-12-19 13:41:13.714
!MESSAGE [TestNGLaunchShortcut] Examining Java element:[Working copy] GroupCreationTests.java [in com.example.tests [in src [in addressbook-seleniun-tests]]]
  package com.example.tests
  import org.testng.annotations.Test
  class GroupCreationTests
    void testNonEmptyGroupCreation()
    void testEmptyGroupCreation1()

!ENTRY org.testng.eclipse 1 0 2014-12-19 13:41:13.974
!MESSAGE [TestNGLaunchConfigurationDelegate] Launching:
  Classpath: /D:/Lena/eclipse/plugins/org.testng.eclipse_6.8.6.20141201_2240/lib/testng.jar D:\Lena\repository\programming-for-testers\addressbook-seleniun-tests\bin D:\Lena\eclipse\plugins\org.testng.eclipse_6.8.6.20141201_2240\lib\testng.jar D:\Lena\selenium-server-standalone-2.44.0.jar
  VMArgs:    -ea
  Class:     org.testng.remote.RemoteTestNG
  Args:      -serport 59118 -d D:\Lena\repository\programming-for-testers\addressbook-seleniun-tests\test-output C:\Users\ADMINI~1\AppData\Local\Temp\testng-eclipse--1345986882\testng-customsuite.xml
java -ea -classpath /D:/Lena/eclipse/plugins/org.testng.eclipse_6.8.6.20141201_2240/lib/testng.jar:D:\Lena\repository\programming-for-testers\addressbook-seleniun-tests\bin:D:\Lena\eclipse\plugins\org.testng.eclipse_6.8.6.20141201_2240\lib\testng.jar:D:\Lena\selenium-server-standalone-2.44.0.jar org.testng.remote.RemoteTestNG -serport 59118 -d D:\Lena\repository\programming-for-testers\addressbook-seleniun-tests\test-output C:\Users\ADMINI~1\AppData\Local\Temp\testng-eclipse--1345986882\testng-customsuite.xml

!ENTRY org.testng.eclipse 1 0 2014-12-19 13:41:50.333
!MESSAGE [TestNGLaunchShortcut] Examining Java element:com.example.tests [in src [in addressbook-seleniun-tests]]
  ContactData.java
    package com.example.tests
    class ContactData
      String firstName
      String lastName
      String homePhone
      String mobilePhome
      String workPhone
      String mail
      String mail2
      String year
      String address
      String home
      ContactData()
      ContactData(String, String, String, String, String, String, String, String, String, String)
  SelectContactData.java
    package com.example.tests
    class SelectContactData
      String day
      String month
      String group
      SelectContactData()
      SelectContactData(String, String, String)
  [Working copy] TestBase.java
    package com.example.tests
    import org.testng.annotations.AfterTest
    import org.testng.annotations.BeforeTest
    import com.example.fw.ApplicationManager
    class TestBase
      ApplicationManager app
      void setUp()
      void tearDown()
  GroupData.java
    package com.example.tests
    class GroupData
      String name
      String header
      String footer
      GroupData()
      GroupData(String, String, String)
  [Working copy] GroupCreationTests.java
    package com.example.tests
    import org.testng.annotations.Test
    class GroupCreationTests
      void testNonEmptyGroupCreation()
      void testEmptyGroupCreation1()
  [Working copy] ContactCreationTests.java
    package com.example.tests
    import org.testng.annotations.Test
    class ContactCreationTests
      void testEmptyContactCreation()
      void testNonEmptyContactCreation()

!ENTRY org.testng.eclipse 1 0 2014-12-19 13:41:50.603
!MESSAGE [TestNGLaunchConfigurationDelegate] Launching:
  Classpath: /D:/Lena/eclipse/plugins/org.testng.eclipse_6.8.6.20141201_2240/lib/testng.jar D:\Lena\repository\programming-for-testers\addressbook-seleniun-tests\bin D:\Lena\eclipse\plugins\org.testng.eclipse_6.8.6.20141201_2240\lib\testng.jar D:\Lena\selenium-server-standalone-2.44.0.jar
  VMArgs:    -ea
  Class:     org.testng.remote.RemoteTestNG
  Args:      -serport 59193 -d D:\Lena\repository\programming-for-testers\addressbook-seleniun-tests\test-output C:\Users\ADMINI~1\AppData\Local\Temp\testng-eclipse-890989196\testng-customsuite.xml
java -ea -classpath /D:/Lena/eclipse/plugins/org.testng.eclipse_6.8.6.20141201_2240/lib/testng.jar:D:\Lena\repository\programming-for-testers\addressbook-seleniun-tests\bin:D:\Lena\eclipse\plugins\org.testng.eclipse_6.8.6.20141201_2240\lib\testng.jar:D:\Lena\selenium-server-standalone-2.44.0.jar org.testng.remote.RemoteTestNG -serport 59193 -d D:\Lena\repository\programming-for-testers\addressbook-seleniun-tests\test-output C:\Users\ADMINI~1\AppData\Local\Temp\testng-eclipse-890989196\testng-customsuite.xml

!ENTRY org.testng.eclipse 1 0 2014-12-19 13:45:55.233
!MESSAGE [TestNGLaunchShortcut] Examining Java element:com.example.tests [in src [in addressbook-seleniun-tests]]
  ContactData.java
    package com.example.tests
    class ContactData
      String firstName
      String lastName
      String homePhone
      String mobilePhome
      String workPhone
      String mail
      String mail2
      String year
      String address
      String home
      ContactData()
      ContactData(String, String, String, String, String, String, String, String, String, String)
  SelectContactData.java
    package com.example.tests
    class SelectContactData
      String day
      String month
      String group
      SelectContactData()
      SelectContactData(String, String, String)
  [Working copy] TestBase.java
    package com.example.tests
    import org.testng.annotations.AfterTest
    import org.testng.annotations.BeforeTest
    import com.example.fw.ApplicationManager
    class TestBase
      ApplicationManager app
      void setUp()
      void tearDown()
  GroupData.java
    package com.example.tests
    class GroupData
      String name
      String header
      String footer
      GroupData()
      GroupData(String, String, String)
  [Working copy] GroupCreationTests.java
    package com.example.tests
    import org.testng.annotations.Test
    class GroupCreationTests
      void testNonEmptyGroupCreation()
      void testEmptyGroupCreation1()
  [Working copy] ContactCreationTests.java
    package com.example.tests
    import org.testng.annotations.Test
    class ContactCreationTests
      void testEmptyContactCreation()
      void testNonEmptyContactCreation()

!ENTRY org.testng.eclipse 1 0 2014-12-19 13:45:55.503
!MESSAGE [TestNGLaunchConfigurationDelegate] Launching:
  Classpath: /D:/Lena/eclipse/plugins/org.testng.eclipse_6.8.6.20141201_2240/lib/testng.jar D:\Lena\repository\programming-for-testers\addressbook-seleniun-tests\bin D:\Lena\eclipse\plugins\org.testng.eclipse_6.8.6.20141201_2240\lib\testng.jar D:\Lena\selenium-server-standalone-2.44.0.jar
  VMArgs:    -ea
  Class:     org.testng.remote.RemoteTestNG
  Args:      -serport 59301 -d D:\Lena\repository\programming-for-testers\addressbook-seleniun-tests\test-output C:\Users\ADMINI~1\AppData\Local\Temp\testng-eclipse-285159107\testng-customsuite.xml
java -ea -classpath /D:/Lena/eclipse/plugins/org.testng.eclipse_6.8.6.20141201_2240/lib/testng.jar:D:\Lena\repository\programming-for-testers\addressbook-seleniun-tests\bin:D:\Lena\eclipse\plugins\org.testng.eclipse_6.8.6.20141201_2240\lib\testng.jar:D:\Lena\selenium-server-standalone-2.44.0.jar org.testng.remote.RemoteTestNG -serport 59301 -d D:\Lena\repository\programming-for-testers\addressbook-seleniun-tests\test-output C:\Users\ADMINI~1\AppData\Local\Temp\testng-eclipse-285159107\testng-customsuite.xml

!ENTRY org.testng.eclipse 1 0 2014-12-19 13:46:50.434
!MESSAGE [TestNGLaunchShortcut] Examining Java element:[Working copy] ContactCreationTests.java [in com.example.tests [in src [in addressbook-seleniun-tests]]]
  package com.example.tests
  import org.testng.annotations.Test
  class ContactCreationTests
    void testEmptyContactCreation()
    void testNonEmptyContactCreation()

!ENTRY org.testng.eclipse 1 0 2014-12-19 13:46:50.674
!MESSAGE [TestNGLaunchConfigurationDelegate] Launching:
  Classpath: /D:/Lena/eclipse/plugins/org.testng.eclipse_6.8.6.20141201_2240/lib/testng.jar D:\Lena\repository\programming-for-testers\addressbook-seleniun-tests\bin D:\Lena\eclipse\plugins\org.testng.eclipse_6.8.6.20141201_2240\lib\testng.jar D:\Lena\selenium-server-standalone-2.44.0.jar
  VMArgs:    -ea
  Class:     org.testng.remote.RemoteTestNG
  Args:      -serport 59381 -d D:\Lena\repository\programming-for-testers\addressbook-seleniun-tests\test-output C:\Users\ADMINI~1\AppData\Local\Temp\testng-eclipse--1847226566\testng-customsuite.xml
java -ea -classpath /D:/Lena/eclipse/plugins/org.testng.eclipse_6.8.6.20141201_2240/lib/testng.jar:D:\Lena\repository\programming-for-testers\addressbook-seleniun-tests\bin:D:\Lena\eclipse\plugins\org.testng.eclipse_6.8.6.20141201_2240\lib\testng.jar:D:\Lena\selenium-server-standalone-2.44.0.jar org.testng.remote.RemoteTestNG -serport 59381 -d D:\Lena\repository\programming-for-testers\addressbook-seleniun-tests\test-output C:\Users\ADMINI~1\AppData\Local\Temp\testng-eclipse--1847226566\testng-customsuite.xml

!ENTRY org.testng.eclipse 1 0 2014-12-19 16:15:00.268
!MESSAGE [TestNGLaunchShortcut] Examining Java element:[Working copy] GroupRemovalTests.java [in com.example.tests [in src [in addressbook-seleniun-tests]]]
  package com.example.tests
  import org.testng.annotations.Test
  class GroupRemovalTests
    void deleteSomeGroup()

!ENTRY org.testng.eclipse 1 0 2014-12-19 16:15:01.828
!MESSAGE [TestNGLaunchConfigurationDelegate] Launching:
  Classpath: /D:/Lena/eclipse/plugins/org.testng.eclipse_6.8.6.20141201_2240/lib/testng.jar D:\Lena\repository\programming-for-testers\addressbook-seleniun-tests\bin D:\Lena\eclipse\plugins\org.testng.eclipse_6.8.6.20141201_2240\lib\testng.jar D:\Lena\selenium-server-standalone-2.44.0.jar
  VMArgs:    -ea
  Class:     org.testng.remote.RemoteTestNG
  Args:      -serport 63996 -d D:\Lena\repository\programming-for-testers\addressbook-seleniun-tests\test-output C:\Users\ADMINI~1\AppData\Local\Temp\testng-eclipse--781507539\testng-customsuite.xml
java -ea -classpath /D:/Lena/eclipse/plugins/org.testng.eclipse_6.8.6.20141201_2240/lib/testng.jar:D:\Lena\repository\programming-for-testers\addressbook-seleniun-tests\bin:D:\Lena\eclipse\plugins\org.testng.eclipse_6.8.6.20141201_2240\lib\testng.jar:D:\Lena\selenium-server-standalone-2.44.0.jar org.testng.remote.RemoteTestNG -serport 63996 -d D:\Lena\repository\programming-for-testers\addressbook-seleniun-tests\test-output C:\Users\ADMINI~1\AppData\Local\Temp\testng-eclipse--781507539\testng-customsuite.xml

!ENTRY org.testng.eclipse 1 0 2014-12-19 16:36:16.407
!MESSAGE [TestNGLaunchShortcut] Examining Java element:[Working copy] GroupModificationTests.java [in com.example.tests [in src [in addressbook-seleniun-tests]]]
  package com.example.tests
  import org.testng.annotations.Test
  import com.sun.jna.platform.win32.Netapi32Util.Group
  class GroupModificationTests
    void modificationSomeGroup()

!ENTRY org.testng.eclipse 1 0 2014-12-19 16:36:16.497
!MESSAGE [TestNGLaunchConfigurationDelegate] Launching:
  Classpath: /D:/Lena/eclipse/plugins/org.testng.eclipse_6.8.6.20141201_2240/lib/testng.jar D:\Lena\repository\programming-for-testers\addressbook-seleniun-tests\bin D:\Lena\eclipse\plugins\org.testng.eclipse_6.8.6.20141201_2240\lib\testng.jar D:\Lena\selenium-server-standalone-2.44.0.jar
  VMArgs:    -ea
  Class:     org.testng.remote.RemoteTestNG
  Args:      -serport 64399 -d D:\Lena\repository\programming-for-testers\addressbook-seleniun-tests\test-output C:\Users\ADMINI~1\AppData\Local\Temp\testng-eclipse-328904025\testng-customsuite.xml
java -ea -classpath /D:/Lena/eclipse/plugins/org.testng.eclipse_6.8.6.20141201_2240/lib/testng.jar:D:\Lena\repository\programming-for-testers\addressbook-seleniun-tests\bin:D:\Lena\eclipse\plugins\org.testng.eclipse_6.8.6.20141201_2240\lib\testng.jar:D:\Lena\selenium-server-standalone-2.44.0.jar org.testng.remote.RemoteTestNG -serport 64399 -d D:\Lena\repository\programming-for-testers\addressbook-seleniun-tests\test-output C:\Users\ADMINI~1\AppData\Local\Temp\testng-eclipse-328904025\testng-customsuite.xml

!ENTRY org.testng.eclipse 1 0 2014-12-19 16:39:24.812
!MESSAGE [TestNGLaunchShortcut] Examining Java element:[Working copy] GroupModificationTests.java [in com.example.tests [in src [in addressbook-seleniun-tests]]]
  package com.example.tests
  import org.testng.annotations.Test
  import com.sun.jna.platform.win32.Netapi32Util.Group
  class GroupModificationTests
    void modificationSomeGroup()

!ENTRY org.testng.eclipse 1 0 2014-12-19 16:39:24.922
!MESSAGE [TestNGLaunchConfigurationDelegate] Launching:
  Classpath: /D:/Lena/eclipse/plugins/org.testng.eclipse_6.8.6.20141201_2240/lib/testng.jar D:\Lena\repository\programming-for-testers\addressbook-seleniun-tests\bin D:\Lena\eclipse\plugins\org.testng.eclipse_6.8.6.20141201_2240\lib\testng.jar D:\Lena\selenium-server-standalone-2.44.0.jar
  VMArgs:    -ea
  Class:     org.testng.remote.RemoteTestNG
  Args:      -serport 64448 -d D:\Lena\repository\programming-for-testers\addressbook-seleniun-tests\test-output C:\Users\ADMINI~1\AppData\Local\Temp\testng-eclipse-1814143693\testng-customsuite.xml
java -ea -classpath /D:/Lena/eclipse/plugins/org.testng.eclipse_6.8.6.20141201_2240/lib/testng.jar:D:\Lena\repository\programming-for-testers\addressbook-seleniun-tests\bin:D:\Lena\eclipse\plugins\org.testng.eclipse_6.8.6.20141201_2240\lib\testng.jar:D:\Lena\selenium-server-standalone-2.44.0.jar org.testng.remote.RemoteTestNG -serport 64448 -d D:\Lena\repository\programming-for-testers\addressbook-seleniun-tests\test-output C:\Users\ADMINI~1\AppData\Local\Temp\testng-eclipse-1814143693\testng-customsuite.xml

!ENTRY org.testng.eclipse 1 0 2014-12-19 16:45:35.121
!MESSAGE [TestNGLaunchShortcut] Examining Java element:[Working copy] GroupModificationTests.java [in com.example.tests [in src [in addressbook-seleniun-tests]]]
  package com.example.tests
  import org.testng.annotations.Test
  import com.sun.jna.platform.win32.Netapi32Util.Group
  class GroupModificationTests
    void modificationSomeGroup()

!ENTRY org.testng.eclipse 1 0 2014-12-19 16:45:36.879
!MESSAGE [TestNGLaunchConfigurationDelegate] Launching:
  Classpath: /D:/Lena/eclipse/plugins/org.testng.eclipse_6.8.6.20141201_2240/lib/testng.jar D:\Lena\repository\programming-for-testers\addressbook-seleniun-tests\bin D:\Lena\eclipse\plugins\org.testng.eclipse_6.8.6.20141201_2240\lib\testng.jar D:\Lena\selenium-server-standalone-2.44.0.jar
  VMArgs:    -ea
  Class:     org.testng.remote.RemoteTestNG
  Args:      -serport 64556 -d D:\Lena\repository\programming-for-testers\addressbook-seleniun-tests\test-output C:\Users\ADMINI~1\AppData\Local\Temp\testng-eclipse-1840391462\testng-customsuite.xml
java -ea -classpath /D:/Lena/eclipse/plugins/org.testng.eclipse_6.8.6.20141201_2240/lib/testng.jar:D:\Lena\repository\programming-for-testers\addressbook-seleniun-tests\bin:D:\Lena\eclipse\plugins\org.testng.eclipse_6.8.6.20141201_2240\lib\testng.jar:D:\Lena\selenium-server-standalone-2.44.0.jar org.testng.remote.RemoteTestNG -serport 64556 -d D:\Lena\repository\programming-for-testers\addressbook-seleniun-tests\test-output C:\Users\ADMINI~1\AppData\Local\Temp\testng-eclipse-1840391462\testng-customsuite.xml

!ENTRY org.testng.eclipse 1 0 2014-12-19 16:46:58.577
!MESSAGE [TestNGLaunchShortcut] Examining Java element:[Working copy] GroupModificationTests.java [in com.example.tests [in src [in addressbook-seleniun-tests]]]
  package com.example.tests
  import org.testng.annotations.Test
  import com.sun.jna.platform.win32.Netapi32Util.Group
  class GroupModificationTests
    void modificationSomeGroup()

!ENTRY org.testng.eclipse 1 0 2014-12-19 16:46:58.677
!MESSAGE [TestNGLaunchConfigurationDelegate] Launching:
  Classpath: /D:/Lena/eclipse/plugins/org.testng.eclipse_6.8.6.20141201_2240/lib/testng.jar D:\Lena\repository\programming-for-testers\addressbook-seleniun-tests\bin D:\Lena\eclipse\plugins\org.testng.eclipse_6.8.6.20141201_2240\lib\testng.jar D:\Lena\selenium-server-standalone-2.44.0.jar
  VMArgs:    -ea
  Class:     org.testng.remote.RemoteTestNG
  Args:      -serport 64628 -d D:\Lena\repository\programming-for-testers\addressbook-seleniun-tests\test-output C:\Users\ADMINI~1\AppData\Local\Temp\testng-eclipse--1876158675\testng-customsuite.xml
java -ea -classpath /D:/Lena/eclipse/plugins/org.testng.eclipse_6.8.6.20141201_2240/lib/testng.jar:D:\Lena\repository\programming-for-testers\addressbook-seleniun-tests\bin:D:\Lena\eclipse\plugins\org.testng.eclipse_6.8.6.20141201_2240\lib\testng.jar:D:\Lena\selenium-server-standalone-2.44.0.jar org.testng.remote.RemoteTestNG -serport 64628 -d D:\Lena\repository\programming-for-testers\addressbook-seleniun-tests\test-output C:\Users\ADMINI~1\AppData\Local\Temp\testng-eclipse--1876158675\testng-customsuite.xml

!ENTRY org.testng.eclipse 1 0 2014-12-19 16:54:23.268
!MESSAGE [TestNGLaunchShortcut] Examining Java element:[Working copy] GroupModificationTests.java [in com.example.tests [in src [in addressbook-seleniun-tests]]]
  package com.example.tests
  import org.testng.annotations.Test
  import com.sun.jna.platform.win32.Netapi32Util.Group
  class GroupModificationTests
    void modificationSomeGroup()

!ENTRY org.testng.eclipse 1 0 2014-12-19 16:54:23.368
!MESSAGE [TestNGLaunchConfigurationDelegate] Launching:
  Classpath: /D:/Lena/eclipse/plugins/org.testng.eclipse_6.8.6.20141201_2240/lib/testng.jar D:\Lena\repository\programming-for-testers\addressbook-seleniun-tests\bin D:\Lena\eclipse\plugins\org.testng.eclipse_6.8.6.20141201_2240\lib\testng.jar D:\Lena\selenium-server-standalone-2.44.0.jar
  VMArgs:    -ea
  Class:     org.testng.remote.RemoteTestNG
  Args:      -serport 64710 -d D:\Lena\repository\programming-for-testers\addressbook-seleniun-tests\test-output C:\Users\ADMINI~1\AppData\Local\Temp\testng-eclipse--1388101145\testng-customsuite.xml
java -ea -classpath /D:/Lena/eclipse/plugins/org.testng.eclipse_6.8.6.20141201_2240/lib/testng.jar:D:\Lena\repository\programming-for-testers\addressbook-seleniun-tests\bin:D:\Lena\eclipse\plugins\org.testng.eclipse_6.8.6.20141201_2240\lib\testng.jar:D:\Lena\selenium-server-standalone-2.44.0.jar org.testng.remote.RemoteTestNG -serport 64710 -d D:\Lena\repository\programming-for-testers\addressbook-seleniun-tests\test-output C:\Users\ADMINI~1\AppData\Local\Temp\testng-eclipse--1388101145\testng-customsuite.xml

!ENTRY org.testng.eclipse 1 0 2014-12-19 16:56:37.743
!MESSAGE [TestNGLaunchShortcut] Examining Java element:[Working copy] GroupModificationTests.java [in com.example.tests [in src [in addressbook-seleniun-tests]]]
  package com.example.tests
  import org.testng.annotations.Test
  import com.sun.jna.platform.win32.Netapi32Util.Group
  class GroupModificationTests
    void modificationSomeGroup()

!ENTRY org.testng.eclipse 1 0 2014-12-19 16:56:39.235
!MESSAGE [TestNGLaunchConfigurationDelegate] Launching:
  Classpath: /D:/Lena/eclipse/plugins/org.testng.eclipse_6.8.6.20141201_2240/lib/testng.jar D:\Lena\repository\programming-for-testers\addressbook-seleniun-tests\bin D:\Lena\eclipse\plugins\org.testng.eclipse_6.8.6.20141201_2240\lib\testng.jar D:\Lena\selenium-server-standalone-2.44.0.jar
  VMArgs:    -ea
  Class:     org.testng.remote.RemoteTestNG
  Args:      -serport 64779 -d D:\Lena\repository\programming-for-testers\addressbook-seleniun-tests\test-output C:\Users\ADMINI~1\AppData\Local\Temp\testng-eclipse-1267483381\testng-customsuite.xml
java -ea -classpath /D:/Lena/eclipse/plugins/org.testng.eclipse_6.8.6.20141201_2240/lib/testng.jar:D:\Lena\repository\programming-for-testers\addressbook-seleniun-tests\bin:D:\Lena\eclipse\plugins\org.testng.eclipse_6.8.6.20141201_2240\lib\testng.jar:D:\Lena\selenium-server-standalone-2.44.0.jar org.testng.remote.RemoteTestNG -serport 64779 -d D:\Lena\repository\programming-for-testers\addressbook-seleniun-tests\test-output C:\Users\ADMINI~1\AppData\Local\Temp\testng-eclipse-1267483381\testng-customsuite.xml

!ENTRY org.testng.eclipse 1 0 2014-12-19 16:56:58.256
!MESSAGE [TestNGLaunchShortcut] Examining Java element:[Working copy] GroupModificationTests.java [in com.example.tests [in src [in addressbook-seleniun-tests]]]
  package com.example.tests
  import org.testng.annotations.Test
  import com.sun.jna.platform.win32.Netapi32Util.Group
  class GroupModificationTests
    void modificationSomeGroup()

!ENTRY org.testng.eclipse 1 0 2014-12-19 16:56:58.326
!MESSAGE [TestNGLaunchConfigurationDelegate] Launching:
  Classpath: /D:/Lena/eclipse/plugins/org.testng.eclipse_6.8.6.20141201_2240/lib/testng.jar D:\Lena\repository\programming-for-testers\addressbook-seleniun-tests\bin D:\Lena\eclipse\plugins\org.testng.eclipse_6.8.6.20141201_2240\lib\testng.jar D:\Lena\selenium-server-standalone-2.44.0.jar
  VMArgs:    -ea
  Class:     org.testng.remote.RemoteTestNG
  Args:      -serport 64823 -d D:\Lena\repository\programming-for-testers\addressbook-seleniun-tests\test-output C:\Users\ADMINI~1\AppData\Local\Temp\testng-eclipse--96051397\testng-customsuite.xml
java -ea -classpath /D:/Lena/eclipse/plugins/org.testng.eclipse_6.8.6.20141201_2240/lib/testng.jar:D:\Lena\repository\programming-for-testers\addressbook-seleniun-tests\bin:D:\Lena\eclipse\plugins\org.testng.eclipse_6.8.6.20141201_2240\lib\testng.jar:D:\Lena\selenium-server-standalone-2.44.0.jar org.testng.remote.RemoteTestNG -serport 64823 -d D:\Lena\repository\programming-for-testers\addressbook-seleniun-tests\test-output C:\Users\ADMINI~1\AppData\Local\Temp\testng-eclipse--96051397\testng-customsuite.xml

!ENTRY org.testng.eclipse 1 0 2014-12-19 17:02:36.678
!MESSAGE [TestNGLaunchShortcut] Examining Java element:[Working copy] GroupCreationTests.java [in com.example.tests [in src [in addressbook-seleniun-tests]]]
  package com.example.tests
  import org.testng.annotations.Test
  class GroupCreationTests
    void testNonEmptyGroupCreation()
    void testEmptyGroupCreation1()

!ENTRY org.testng.eclipse 1 0 2014-12-19 17:02:38.804
!MESSAGE [TestNGLaunchConfigurationDelegate] Launching:
  Classpath: /D:/Lena/eclipse/plugins/org.testng.eclipse_6.8.6.20141201_2240/lib/testng.jar D:\Lena\repository\programming-for-testers\addressbook-seleniun-tests\bin D:\Lena\eclipse\plugins\org.testng.eclipse_6.8.6.20141201_2240\lib\testng.jar D:\Lena\selenium-server-standalone-2.44.0.jar
  VMArgs:    -ea
  Class:     org.testng.remote.RemoteTestNG
  Args:      -serport 64926 -d D:\Lena\repository\programming-for-testers\addressbook-seleniun-tests\test-output C:\Users\ADMINI~1\AppData\Local\Temp\testng-eclipse--1492645053\testng-customsuite.xml
java -ea -classpath /D:/Lena/eclipse/plugins/org.testng.eclipse_6.8.6.20141201_2240/lib/testng.jar:D:\Lena\repository\programming-for-testers\addressbook-seleniun-tests\bin:D:\Lena\eclipse\plugins\org.testng.eclipse_6.8.6.20141201_2240\lib\testng.jar:D:\Lena\selenium-server-standalone-2.44.0.jar org.testng.remote.RemoteTestNG -serport 64926 -d D:\Lena\repository\programming-for-testers\addressbook-seleniun-tests\test-output C:\Users\ADMINI~1\AppData\Local\Temp\testng-eclipse--1492645053\testng-customsuite.xml

!ENTRY org.testng.eclipse 1 0 2014-12-19 17:04:11.803
!MESSAGE [TestNGLaunchShortcut] Examining Java element:[Working copy] GroupCreationTests.java [in com.example.tests [in src [in addressbook-seleniun-tests]]]
  package com.example.tests
  import org.testng.annotations.Test
  class GroupCreationTests
    void testNonEmptyGroupCreation()
    void testEmptyGroupCreation1()

!ENTRY org.testng.eclipse 1 0 2014-12-19 17:04:11.893
!MESSAGE [TestNGLaunchConfigurationDelegate] Launching:
  Classpath: /D:/Lena/eclipse/plugins/org.testng.eclipse_6.8.6.20141201_2240/lib/testng.jar D:\Lena\repository\programming-for-testers\addressbook-seleniun-tests\bin D:\Lena\eclipse\plugins\org.testng.eclipse_6.8.6.20141201_2240\lib\testng.jar D:\Lena\selenium-server-standalone-2.44.0.jar
  VMArgs:    -ea
  Class:     org.testng.remote.RemoteTestNG
  Args:      -serport 65008 -d D:\Lena\repository\programming-for-testers\addressbook-seleniun-tests\test-output C:\Users\ADMINI~1\AppData\Local\Temp\testng-eclipse--1005229493\testng-customsuite.xml
java -ea -classpath /D:/Lena/eclipse/plugins/org.testng.eclipse_6.8.6.20141201_2240/lib/testng.jar:D:\Lena\repository\programming-for-testers\addressbook-seleniun-tests\bin:D:\Lena\eclipse\plugins\org.testng.eclipse_6.8.6.20141201_2240\lib\testng.jar:D:\Lena\selenium-server-standalone-2.44.0.jar org.testng.remote.RemoteTestNG -serport 65008 -d D:\Lena\repository\programming-for-testers\addressbook-seleniun-tests\test-output C:\Users\ADMINI~1\AppData\Local\Temp\testng-eclipse--1005229493\testng-customsuite.xml

!ENTRY org.testng.eclipse 1 0 2014-12-19 17:07:08.337
!MESSAGE [TestNGLaunchShortcut] Examining Java element:[Working copy] ContactCreationTests.java [in com.example.tests [in src [in addressbook-seleniun-tests]]]
  package com.example.tests
  import org.testng.annotations.Test
  class ContactCreationTests
    void testEmptyContactCreation()
    void testNonEmptyContactCreation()

!ENTRY org.testng.eclipse 1 0 2014-12-19 17:07:08.397
!MESSAGE [TestNGLaunchConfigurationDelegate] Launching:
  Classpath: /D:/Lena/eclipse/plugins/org.testng.eclipse_6.8.6.20141201_2240/lib/testng.jar D:\Lena\repository\programming-for-testers\addressbook-seleniun-tests\bin D:\Lena\eclipse\plugins\org.testng.eclipse_6.8.6.20141201_2240\lib\testng.jar D:\Lena\selenium-server-standalone-2.44.0.jar
  VMArgs:    -ea
  Class:     org.testng.remote.RemoteTestNG
  Args:      -serport 65093 -d D:\Lena\repository\programming-for-testers\addressbook-seleniun-tests\test-output C:\Users\ADMINI~1\AppData\Local\Temp\testng-eclipse--1954360702\testng-customsuite.xml
java -ea -classpath /D:/Lena/eclipse/plugins/org.testng.eclipse_6.8.6.20141201_2240/lib/testng.jar:D:\Lena\repository\programming-for-testers\addressbook-seleniun-tests\bin:D:\Lena\eclipse\plugins\org.testng.eclipse_6.8.6.20141201_2240\lib\testng.jar:D:\Lena\selenium-server-standalone-2.44.0.jar org.testng.remote.RemoteTestNG -serport 65093 -d D:\Lena\repository\programming-for-testers\addressbook-seleniun-tests\test-output C:\Users\ADMINI~1\AppData\Local\Temp\testng-eclipse--1954360702\testng-customsuite.xml

!ENTRY org.testng.eclipse 1 0 2014-12-19 17:09:08.223
!MESSAGE [TestNGLaunchShortcut] Examining Java element:[Working copy] GroupCreationTests.java [in com.example.tests [in src [in addressbook-seleniun-tests]]]
  package com.example.tests
  import org.testng.annotations.Test
  class GroupCreationTests
    void testNonEmptyGroupCreation()
    void testEmptyGroupCreation1()

!ENTRY org.testng.eclipse 1 0 2014-12-19 17:09:09.743
!MESSAGE [TestNGLaunchConfigurationDelegate] Launching:
  Classpath: /D:/Lena/eclipse/plugins/org.testng.eclipse_6.8.6.20141201_2240/lib/testng.jar D:\Lena\repository\programming-for-testers\addressbook-seleniun-tests\bin D:\Lena\eclipse\plugins\org.testng.eclipse_6.8.6.20141201_2240\lib\testng.jar D:\Lena\selenium-server-standalone-2.44.0.jar
  VMArgs:    -ea
  Class:     org.testng.remote.RemoteTestNG
  Args:      -serport 65148 -d D:\Lena\repository\programming-for-testers\addressbook-seleniun-tests\test-output C:\Users\ADMINI~1\AppData\Local\Temp\testng-eclipse--896485116\testng-customsuite.xml
java -ea -classpath /D:/Lena/eclipse/plugins/org.testng.eclipse_6.8.6.20141201_2240/lib/testng.jar:D:\Lena\repository\programming-for-testers\addressbook-seleniun-tests\bin:D:\Lena\eclipse\plugins\org.testng.eclipse_6.8.6.20141201_2240\lib\testng.jar:D:\Lena\selenium-server-standalone-2.44.0.jar org.testng.remote.RemoteTestNG -serport 65148 -d D:\Lena\repository\programming-for-testers\addressbook-seleniun-tests\test-output C:\Users\ADMINI~1\AppData\Local\Temp\testng-eclipse--896485116\testng-customsuite.xml

!ENTRY org.testng.eclipse 1 0 2014-12-19 17:09:27.606
!MESSAGE [TestNGLaunchShortcut] Examining Java element:[Working copy] ContactCreationTests.java [in com.example.tests [in src [in addressbook-seleniun-tests]]]
  package com.example.tests
  import org.testng.annotations.Test
  class ContactCreationTests
    void testEmptyContactCreation()
    void testNonEmptyContactCreation()

!ENTRY org.testng.eclipse 1 0 2014-12-19 17:09:27.686
!MESSAGE [TestNGLaunchConfigurationDelegate] Launching:
  Classpath: /D:/Lena/eclipse/plugins/org.testng.eclipse_6.8.6.20141201_2240/lib/testng.jar D:\Lena\repository\programming-for-testers\addressbook-seleniun-tests\bin D:\Lena\eclipse\plugins\org.testng.eclipse_6.8.6.20141201_2240\lib\testng.jar D:\Lena\selenium-server-standalone-2.44.0.jar
  VMArgs:    -ea
  Class:     org.testng.remote.RemoteTestNG
  Args:      -serport 65199 -d D:\Lena\repository\programming-for-testers\addressbook-seleniun-tests\test-output C:\Users\ADMINI~1\AppData\Local\Temp\testng-eclipse-2070344301\testng-customsuite.xml
java -ea -classpath /D:/Lena/eclipse/plugins/org.testng.eclipse_6.8.6.20141201_2240/lib/testng.jar:D:\Lena\repository\programming-for-testers\addressbook-seleniun-tests\bin:D:\Lena\eclipse\plugins\org.testng.eclipse_6.8.6.20141201_2240\lib\testng.jar:D:\Lena\selenium-server-standalone-2.44.0.jar org.testng.remote.RemoteTestNG -serport 65199 -d D:\Lena\repository\programming-for-testers\addressbook-seleniun-tests\test-output C:\Users\ADMINI~1\AppData\Local\Temp\testng-eclipse-2070344301\testng-customsuite.xml

!ENTRY org.testng.eclipse 1 0 2014-12-19 17:13:06.983
!MESSAGE [TestNGLaunchShortcut] Examining Java element:[Working copy] ContactCreationTests.java [in com.example.tests [in src [in addressbook-seleniun-tests]]]
  package com.example.tests
  import org.testng.annotations.Test
  class ContactCreationTests
    void testEmptyContactCreation()
    void testNonEmptyContactCreation()

!ENTRY org.testng.eclipse 1 0 2014-12-19 17:13:07.083
!MESSAGE [TestNGLaunchConfigurationDelegate] Launching:
  Classpath: /D:/Lena/eclipse/plugins/org.testng.eclipse_6.8.6.20141201_2240/lib/testng.jar D:\Lena\repository\programming-for-testers\addressbook-seleniun-tests\bin D:\Lena\eclipse\plugins\org.testng.eclipse_6.8.6.20141201_2240\lib\testng.jar D:\Lena\selenium-server-standalone-2.44.0.jar
  VMArgs:    -ea
  Class:     org.testng.remote.RemoteTestNG
  Args:      -serport 65278 -d D:\Lena\repository\programming-for-testers\addressbook-seleniun-tests\test-output C:\Users\ADMINI~1\AppData\Local\Temp\testng-eclipse--2116971569\testng-customsuite.xml
java -ea -classpath /D:/Lena/eclipse/plugins/org.testng.eclipse_6.8.6.20141201_2240/lib/testng.jar:D:\Lena\repository\programming-for-testers\addressbook-seleniun-tests\bin:D:\Lena\eclipse\plugins\org.testng.eclipse_6.8.6.20141201_2240\lib\testng.jar:D:\Lena\selenium-server-standalone-2.44.0.jar org.testng.remote.RemoteTestNG -serport 65278 -d D:\Lena\repository\programming-for-testers\addressbook-seleniun-tests\test-output C:\Users\ADMINI~1\AppData\Local\Temp\testng-eclipse--2116971569\testng-customsuite.xml

!ENTRY org.testng.eclipse 1 0 2014-12-19 17:16:41.088
!MESSAGE [TestNGLaunchShortcut] Examining Java element:[Working copy] GroupCreationTests.java [in com.example.tests [in src [in addressbook-seleniun-tests]]]
  package com.example.tests
  import org.testng.annotations.Test
  class GroupCreationTests
    void testNonEmptyGroupCreation()
    void testEmptyGroupCreation1()

!ENTRY org.testng.eclipse 1 0 2014-12-19 17:16:43.248
!MESSAGE [TestNGLaunchConfigurationDelegate] Launching:
  Classpath: /D:/Lena/eclipse/plugins/org.testng.eclipse_6.8.6.20141201_2240/lib/testng.jar D:\Lena\repository\programming-for-testers\addressbook-seleniun-tests\bin D:\Lena\eclipse\plugins\org.testng.eclipse_6.8.6.20141201_2240\lib\testng.jar D:\Lena\selenium-server-standalone-2.44.0.jar
  VMArgs:    -ea
  Class:     org.testng.remote.RemoteTestNG
  Args:      -serport 65446 -d D:\Lena\repository\programming-for-testers\addressbook-seleniun-tests\test-output C:\Users\ADMINI~1\AppData\Local\Temp\testng-eclipse--1569186537\testng-customsuite.xml
java -ea -classpath /D:/Lena/eclipse/plugins/org.testng.eclipse_6.8.6.20141201_2240/lib/testng.jar:D:\Lena\repository\programming-for-testers\addressbook-seleniun-tests\bin:D:\Lena\eclipse\plugins\org.testng.eclipse_6.8.6.20141201_2240\lib\testng.jar:D:\Lena\selenium-server-standalone-2.44.0.jar org.testng.remote.RemoteTestNG -serport 65446 -d D:\Lena\repository\programming-for-testers\addressbook-seleniun-tests\test-output C:\Users\ADMINI~1\AppData\Local\Temp\testng-eclipse--1569186537\testng-customsuite.xml

!ENTRY org.testng.eclipse 1 0 2014-12-19 17:22:25.971
!MESSAGE [TestNGLaunchShortcut] Examining Java element:[Working copy] GroupCreationTests.java [in com.example.tests [in src [in addressbook-seleniun-tests]]]
  package com.example.tests
  import org.testng.annotations.Test
  class GroupCreationTests
    void testNonEmptyGroupCreation()
    void testEmptyGroupCreation1()

!ENTRY org.testng.eclipse 1 0 2014-12-19 17:23:38.426
!MESSAGE [TestNGLaunchConfigurationDelegate] Launching:
  Classpath: /D:/Lena/eclipse/plugins/org.testng.eclipse_6.8.6.20141201_2240/lib/testng.jar D:\Lena\repository\programming-for-testers\addressbook-seleniun-tests\bin D:\Lena\eclipse\plugins\org.testng.eclipse_6.8.6.20141201_2240\lib\testng.jar D:\Lena\selenium-server-standalone-2.44.0.jar
  VMArgs:    -ea
  Class:     org.testng.remote.RemoteTestNG
  Args:      -serport 63660 -d D:\Lena\repository\programming-for-testers\addressbook-seleniun-tests\test-output C:\Users\ADMINI~1\AppData\Local\Temp\testng-eclipse--1886774590\testng-customsuite.xml
java -ea -classpath /D:/Lena/eclipse/plugins/org.testng.eclipse_6.8.6.20141201_2240/lib/testng.jar:D:\Lena\repository\programming-for-testers\addressbook-seleniun-tests\bin:D:\Lena\eclipse\plugins\org.testng.eclipse_6.8.6.20141201_2240\lib\testng.jar:D:\Lena\selenium-server-standalone-2.44.0.jar org.testng.remote.RemoteTestNG -serport 63660 -d D:\Lena\repository\programming-for-testers\addressbook-seleniun-tests\test-output C:\Users\ADMINI~1\AppData\Local\Temp\testng-eclipse--1886774590\testng-customsuite.xml

!ENTRY org.testng.eclipse 1 0 2014-12-19 17:25:27.055
!MESSAGE [TestNGLaunchShortcut] Examining Java element:[Working copy] GroupCreationTests.java [in com.example.tests [in src [in addressbook-seleniun-tests]]]
  package com.example.tests
  import org.testng.annotations.Test
  class GroupCreationTests
    void testNonEmptyGroupCreation()
    void testEmptyGroupCreation1()

!ENTRY org.testng.eclipse 1 0 2014-12-19 17:25:27.165
!MESSAGE [TestNGLaunchConfigurationDelegate] Launching:
  Classpath: /D:/Lena/eclipse/plugins/org.testng.eclipse_6.8.6.20141201_2240/lib/testng.jar D:\Lena\repository\programming-for-testers\addressbook-seleniun-tests\bin D:\Lena\eclipse\plugins\org.testng.eclipse_6.8.6.20141201_2240\lib\testng.jar D:\Lena\selenium-server-standalone-2.44.0.jar
  VMArgs:    -ea
  Class:     org.testng.remote.RemoteTestNG
  Args:      -serport 63707 -d D:\Lena\repository\programming-for-testers\addressbook-seleniun-tests\test-output C:\Users\ADMINI~1\AppData\Local\Temp\testng-eclipse--1176791921\testng-customsuite.xml
java -ea -classpath /D:/Lena/eclipse/plugins/org.testng.eclipse_6.8.6.20141201_2240/lib/testng.jar:D:\Lena\repository\programming-for-testers\addressbook-seleniun-tests\bin:D:\Lena\eclipse\plugins\org.testng.eclipse_6.8.6.20141201_2240\lib\testng.jar:D:\Lena\selenium-server-standalone-2.44.0.jar org.testng.remote.RemoteTestNG -serport 63707 -d D:\Lena\repository\programming-for-testers\addressbook-seleniun-tests\test-output C:\Users\ADMINI~1\AppData\Local\Temp\testng-eclipse--1176791921\testng-customsuite.xml

!ENTRY org.testng.eclipse 1 0 2014-12-19 17:26:29.415
!MESSAGE [TestNGLaunchShortcut] Examining Java element:[Working copy] ContactCreationTests.java [in com.example.tests [in src [in addressbook-seleniun-tests]]]
  package com.example.tests
  import org.testng.annotations.Test
  class ContactCreationTests
    void testEmptyContactCreation()
    void testNonEmptyContactCreation()

!ENTRY org.testng.eclipse 1 0 2014-12-19 17:26:29.505
!MESSAGE [TestNGLaunchConfigurationDelegate] Launching:
  Classpath: /D:/Lena/eclipse/plugins/org.testng.eclipse_6.8.6.20141201_2240/lib/testng.jar D:\Lena\repository\programming-for-testers\addressbook-seleniun-tests\bin D:\Lena\eclipse\plugins\org.testng.eclipse_6.8.6.20141201_2240\lib\testng.jar D:\Lena\selenium-server-standalone-2.44.0.jar
  VMArgs:    -ea
  Class:     org.testng.remote.RemoteTestNG
  Args:      -serport 63794 -d D:\Lena\repository\programming-for-testers\addressbook-seleniun-tests\test-output C:\Users\ADMINI~1\AppData\Local\Temp\testng-eclipse--2090277755\testng-customsuite.xml
java -ea -classpath /D:/Lena/eclipse/plugins/org.testng.eclipse_6.8.6.20141201_2240/lib/testng.jar:D:\Lena\repository\programming-for-testers\addressbook-seleniun-tests\bin:D:\Lena\eclipse\plugins\org.testng.eclipse_6.8.6.20141201_2240\lib\testng.jar:D:\Lena\selenium-server-standalone-2.44.0.jar org.testng.remote.RemoteTestNG -serport 63794 -d D:\Lena\repository\programming-for-testers\addressbook-seleniun-tests\test-output C:\Users\ADMINI~1\AppData\Local\Temp\testng-eclipse--2090277755\testng-customsuite.xml

!ENTRY org.testng.eclipse 1 0 2014-12-19 17:27:40.943
!MESSAGE [TestNGLaunchShortcut] Examining Java element:GroupRemovalTests.java [in com.example.tests [in src [in addressbook-seleniun-tests]]]
  package com.example.tests
  import org.testng.annotations.Test
  class GroupRemovalTests
    void deleteSomeGroup()

!ENTRY org.testng.eclipse 1 0 2014-12-19 17:27:41.035
!MESSAGE [TestNGLaunchConfigurationDelegate] Launching:
  Classpath: /D:/Lena/eclipse/plugins/org.testng.eclipse_6.8.6.20141201_2240/lib/testng.jar D:\Lena\repository\programming-for-testers\addressbook-seleniun-tests\bin D:\Lena\eclipse\plugins\org.testng.eclipse_6.8.6.20141201_2240\lib\testng.jar D:\Lena\selenium-server-standalone-2.44.0.jar
  VMArgs:    -ea
  Class:     org.testng.remote.RemoteTestNG
  Args:      -serport 64063 -d D:\Lena\repository\programming-for-testers\addressbook-seleniun-tests\test-output C:\Users\ADMINI~1\AppData\Local\Temp\testng-eclipse--419789975\testng-customsuite.xml
java -ea -classpath /D:/Lena/eclipse/plugins/org.testng.eclipse_6.8.6.20141201_2240/lib/testng.jar:D:\Lena\repository\programming-for-testers\addressbook-seleniun-tests\bin:D:\Lena\eclipse\plugins\org.testng.eclipse_6.8.6.20141201_2240\lib\testng.jar:D:\Lena\selenium-server-standalone-2.44.0.jar org.testng.remote.RemoteTestNG -serport 64063 -d D:\Lena\repository\programming-for-testers\addressbook-seleniun-tests\test-output C:\Users\ADMINI~1\AppData\Local\Temp\testng-eclipse--419789975\testng-customsuite.xml

!ENTRY org.testng.eclipse 1 0 2014-12-19 17:28:30.391
!MESSAGE [TestNGLaunchShortcut] Examining Java element:[Working copy] GroupModificationTests.java [in com.example.tests [in src [in addressbook-seleniun-tests]]]
  package com.example.tests
  import org.testng.annotations.Test
  class GroupModificationTests
    void modificationSomeGroup()

!ENTRY org.testng.eclipse 1 0 2014-12-19 17:28:30.481
!MESSAGE [TestNGLaunchConfigurationDelegate] Launching:
  Classpath: /D:/Lena/eclipse/plugins/org.testng.eclipse_6.8.6.20141201_2240/lib/testng.jar D:\Lena\repository\programming-for-testers\addressbook-seleniun-tests\bin D:\Lena\eclipse\plugins\org.testng.eclipse_6.8.6.20141201_2240\lib\testng.jar D:\Lena\selenium-server-standalone-2.44.0.jar
  VMArgs:    -ea
  Class:     org.testng.remote.RemoteTestNG
  Args:      -serport 64110 -d D:\Lena\repository\programming-for-testers\addressbook-seleniun-tests\test-output C:\Users\ADMINI~1\AppData\Local\Temp\testng-eclipse-971305517\testng-customsuite.xml
java -ea -classpath /D:/Lena/eclipse/plugins/org.testng.eclipse_6.8.6.20141201_2240/lib/testng.jar:D:\Lena\repository\programming-for-testers\addressbook-seleniun-tests\bin:D:\Lena\eclipse\plugins\org.testng.eclipse_6.8.6.20141201_2240\lib\testng.jar:D:\Lena\selenium-server-standalone-2.44.0.jar org.testng.remote.RemoteTestNG -serport 64110 -d D:\Lena\repository\programming-for-testers\addressbook-seleniun-tests\test-output C:\Users\ADMINI~1\AppData\Local\Temp\testng-eclipse-971305517\testng-customsuite.xml

!ENTRY org.testng.eclipse 1 0 2014-12-19 17:29:31.142
!MESSAGE [TestNGLaunchShortcut] Examining Java element:[Working copy] GroupModificationTests.java [in com.example.tests [in src [in addressbook-seleniun-tests]]]
  package com.example.tests
  import org.testng.annotations.Test
  class GroupModificationTests
    void modificationSomeGroup()

!ENTRY org.testng.eclipse 1 0 2014-12-19 17:29:31.235
!MESSAGE [TestNGLaunchConfigurationDelegate] Launching:
  Classpath: /D:/Lena/eclipse/plugins/org.testng.eclipse_6.8.6.20141201_2240/lib/testng.jar D:\Lena\repository\programming-for-testers\addressbook-seleniun-tests\bin D:\Lena\eclipse\plugins\org.testng.eclipse_6.8.6.20141201_2240\lib\testng.jar D:\Lena\selenium-server-standalone-2.44.0.jar
  VMArgs:    -ea
  Class:     org.testng.remote.RemoteTestNG
  Args:      -serport 64175 -d D:\Lena\repository\programming-for-testers\addressbook-seleniun-tests\test-output C:\Users\ADMINI~1\AppData\Local\Temp\testng-eclipse-2016976406\testng-customsuite.xml
java -ea -classpath /D:/Lena/eclipse/plugins/org.testng.eclipse_6.8.6.20141201_2240/lib/testng.jar:D:\Lena\repository\programming-for-testers\addressbook-seleniun-tests\bin:D:\Lena\eclipse\plugins\org.testng.eclipse_6.8.6.20141201_2240\lib\testng.jar:D:\Lena\selenium-server-standalone-2.44.0.jar org.testng.remote.RemoteTestNG -serport 64175 -d D:\Lena\repository\programming-for-testers\addressbook-seleniun-tests\test-output C:\Users\ADMINI~1\AppData\Local\Temp\testng-eclipse-2016976406\testng-customsuite.xml

!ENTRY org.testng.eclipse 1 0 2014-12-19 17:30:39.806
!MESSAGE [TestNGLaunchShortcut] Examining Java element:[Working copy] GroupModificationTests.java [in com.example.tests [in src [in addressbook-seleniun-tests]]]
  package com.example.tests
  import org.testng.annotations.Test
  class GroupModificationTests
    void modificationSomeGroup()

!ENTRY org.testng.eclipse 1 0 2014-12-19 17:30:41.445
!MESSAGE [TestNGLaunchConfigurationDelegate] Launching:
  Classpath: /D:/Lena/eclipse/plugins/org.testng.eclipse_6.8.6.20141201_2240/lib/testng.jar D:\Lena\repository\programming-for-testers\addressbook-seleniun-tests\bin D:\Lena\eclipse\plugins\org.testng.eclipse_6.8.6.20141201_2240\lib\testng.jar D:\Lena\selenium-server-standalone-2.44.0.jar
  VMArgs:    -ea
  Class:     org.testng.remote.RemoteTestNG
  Args:      -serport 64246 -d D:\Lena\repository\programming-for-testers\addressbook-seleniun-tests\test-output C:\Users\ADMINI~1\AppData\Local\Temp\testng-eclipse-195467844\testng-customsuite.xml
java -ea -classpath /D:/Lena/eclipse/plugins/org.testng.eclipse_6.8.6.20141201_2240/lib/testng.jar:D:\Lena\repository\programming-for-testers\addressbook-seleniun-tests\bin:D:\Lena\eclipse\plugins\org.testng.eclipse_6.8.6.20141201_2240\lib\testng.jar:D:\Lena\selenium-server-standalone-2.44.0.jar org.testng.remote.RemoteTestNG -serport 64246 -d D:\Lena\repository\programming-for-testers\addressbook-seleniun-tests\test-output C:\Users\ADMINI~1\AppData\Local\Temp\testng-eclipse-195467844\testng-customsuite.xml

!ENTRY org.testng.eclipse 1 0 2014-12-19 18:22:20.374
!MESSAGE [TestNGLaunchShortcut] Examining Java element:[Working copy] ContactPemovalTests.java [in com.example.tests [in src [in addressbook-seleniun-tests]]]
  package com.example.tests
  import org.testng.annotations.Test
  class ContactPemovalTests
    void deleteSomeContact()

!ENTRY org.testng.eclipse 1 0 2014-12-19 18:22:24.973
!MESSAGE [TestNGLaunchConfigurationDelegate] Launching:
  Classpath: /D:/Lena/eclipse/plugins/org.testng.eclipse_6.8.6.20141201_2240/lib/testng.jar D:\Lena\repository\programming-for-testers\addressbook-seleniun-tests\bin D:\Lena\eclipse\plugins\org.testng.eclipse_6.8.6.20141201_2240\lib\testng.jar D:\Lena\selenium-server-standalone-2.44.0.jar
  VMArgs:    -ea
  Class:     org.testng.remote.RemoteTestNG
  Args:      -serport 65157 -d D:\Lena\repository\programming-for-testers\addressbook-seleniun-tests\test-output C:\Users\ADMINI~1\AppData\Local\Temp\testng-eclipse-28886297\testng-customsuite.xml
java -ea -classpath /D:/Lena/eclipse/plugins/org.testng.eclipse_6.8.6.20141201_2240/lib/testng.jar:D:\Lena\repository\programming-for-testers\addressbook-seleniun-tests\bin:D:\Lena\eclipse\plugins\org.testng.eclipse_6.8.6.20141201_2240\lib\testng.jar:D:\Lena\selenium-server-standalone-2.44.0.jar org.testng.remote.RemoteTestNG -serport 65157 -d D:\Lena\repository\programming-for-testers\addressbook-seleniun-tests\test-output C:\Users\ADMINI~1\AppData\Local\Temp\testng-eclipse-28886297\testng-customsuite.xml

!ENTRY org.testng.eclipse 1 0 2014-12-19 18:24:26.801
!MESSAGE [TestNGLaunchShortcut] Examining Java element:[Working copy] ContactPemovalTests.java [in com.example.tests [in src [in addressbook-seleniun-tests]]]
  package com.example.tests
  import org.testng.annotations.Test
  class ContactPemovalTests
    void deleteSomeContact()

!ENTRY org.testng.eclipse 1 0 2014-12-19 18:24:28.412
!MESSAGE [TestNGLaunchConfigurationDelegate] Launching:
  Classpath: /D:/Lena/eclipse/plugins/org.testng.eclipse_6.8.6.20141201_2240/lib/testng.jar D:\Lena\repository\programming-for-testers\addressbook-seleniun-tests\bin D:\Lena\eclipse\plugins\org.testng.eclipse_6.8.6.20141201_2240\lib\testng.jar D:\Lena\selenium-server-standalone-2.44.0.jar
  VMArgs:    -ea
  Class:     org.testng.remote.RemoteTestNG
  Args:      -serport 65189 -d D:\Lena\repository\programming-for-testers\addressbook-seleniun-tests\test-output C:\Users\ADMINI~1\AppData\Local\Temp\testng-eclipse-1868186898\testng-customsuite.xml
java -ea -classpath /D:/Lena/eclipse/plugins/org.testng.eclipse_6.8.6.20141201_2240/lib/testng.jar:D:\Lena\repository\programming-for-testers\addressbook-seleniun-tests\bin:D:\Lena\eclipse\plugins\org.testng.eclipse_6.8.6.20141201_2240\lib\testng.jar:D:\Lena\selenium-server-standalone-2.44.0.jar org.testng.remote.RemoteTestNG -serport 65189 -d D:\Lena\repository\programming-for-testers\addressbook-seleniun-tests\test-output C:\Users\ADMINI~1\AppData\Local\Temp\testng-eclipse-1868186898\testng-customsuite.xml

!ENTRY org.testng.eclipse 1 0 2014-12-19 18:26:21.145
!MESSAGE [TestNGLaunchShortcut] Examining Java element:[Working copy] ContactPemovalTests.java [in com.example.tests [in src [in addressbook-seleniun-tests]]]
  package com.example.tests
  import org.testng.annotations.Test
  class ContactPemovalTests
    void deleteSomeContact()

!ENTRY org.testng.eclipse 1 0 2014-12-19 18:26:22.951
!MESSAGE [TestNGLaunchConfigurationDelegate] Launching:
  Classpath: /D:/Lena/eclipse/plugins/org.testng.eclipse_6.8.6.20141201_2240/lib/testng.jar D:\Lena\repository\programming-for-testers\addressbook-seleniun-tests\bin D:\Lena\eclipse\plugins\org.testng.eclipse_6.8.6.20141201_2240\lib\testng.jar D:\Lena\selenium-server-standalone-2.44.0.jar
  VMArgs:    -ea
  Class:     org.testng.remote.RemoteTestNG
  Args:      -serport 65219 -d D:\Lena\repository\programming-for-testers\addressbook-seleniun-tests\test-output C:\Users\ADMINI~1\AppData\Local\Temp\testng-eclipse--1997836804\testng-customsuite.xml
java -ea -classpath /D:/Lena/eclipse/plugins/org.testng.eclipse_6.8.6.20141201_2240/lib/testng.jar:D:\Lena\repository\programming-for-testers\addressbook-seleniun-tests\bin:D:\Lena\eclipse\plugins\org.testng.eclipse_6.8.6.20141201_2240\lib\testng.jar:D:\Lena\selenium-server-standalone-2.44.0.jar org.testng.remote.RemoteTestNG -serport 65219 -d D:\Lena\repository\programming-for-testers\addressbook-seleniun-tests\test-output C:\Users\ADMINI~1\AppData\Local\Temp\testng-eclipse--1997836804\testng-customsuite.xml

!ENTRY org.testng.eclipse 1 0 2014-12-19 18:29:14.707
!MESSAGE [TestNGLaunchShortcut] Examining Java element:[Working copy] ContactPemovalTests.java [in com.example.tests [in src [in addressbook-seleniun-tests]]]
  package com.example.tests
  import org.testng.annotations.Test
  class ContactPemovalTests
    void deleteSomeContact()

!ENTRY org.testng.eclipse 1 0 2014-12-19 18:29:16.767
!MESSAGE [TestNGLaunchConfigurationDelegate] Launching:
  Classpath: /D:/Lena/eclipse/plugins/org.testng.eclipse_6.8.6.20141201_2240/lib/testng.jar D:\Lena\repository\programming-for-testers\addressbook-seleniun-tests\bin D:\Lena\eclipse\plugins\org.testng.eclipse_6.8.6.20141201_2240\lib\testng.jar D:\Lena\selenium-server-standalone-2.44.0.jar
  VMArgs:    -ea
  Class:     org.testng.remote.RemoteTestNG
  Args:      -serport 65254 -d D:\Lena\repository\programming-for-testers\addressbook-seleniun-tests\test-output C:\Users\ADMINI~1\AppData\Local\Temp\testng-eclipse--602859885\testng-customsuite.xml
java -ea -classpath /D:/Lena/eclipse/plugins/org.testng.eclipse_6.8.6.20141201_2240/lib/testng.jar:D:\Lena\repository\programming-for-testers\addressbook-seleniun-tests\bin:D:\Lena\eclipse\plugins\org.testng.eclipse_6.8.6.20141201_2240\lib\testng.jar:D:\Lena\selenium-server-standalone-2.44.0.jar org.testng.remote.RemoteTestNG -serport 65254 -d D:\Lena\repository\programming-for-testers\addressbook-seleniun-tests\test-output C:\Users\ADMINI~1\AppData\Local\Temp\testng-eclipse--602859885\testng-customsuite.xml

!ENTRY org.testng.eclipse 1 0 2014-12-19 18:35:29.601
!MESSAGE [TestNGLaunchShortcut] Examining Java element:[Working copy] ContactPemovalTests.java [in com.example.tests [in src [in addressbook-seleniun-tests]]]
  package com.example.tests
  import org.testng.annotations.Test
  class ContactPemovalTests
    void deleteSomeContact()

!ENTRY org.testng.eclipse 1 0 2014-12-19 18:35:31.361
!MESSAGE [TestNGLaunchConfigurationDelegate] Launching:
  Classpath: /D:/Lena/eclipse/plugins/org.testng.eclipse_6.8.6.20141201_2240/lib/testng.jar D:\Lena\repository\programming-for-testers\addressbook-seleniun-tests\bin D:\Lena\eclipse\plugins\org.testng.eclipse_6.8.6.20141201_2240\lib\testng.jar D:\Lena\selenium-server-standalone-2.44.0.jar
  VMArgs:    -ea
  Class:     org.testng.remote.RemoteTestNG
  Args:      -serport 65335 -d D:\Lena\repository\programming-for-testers\addressbook-seleniun-tests\test-output C:\Users\ADMINI~1\AppData\Local\Temp\testng-eclipse-1832719957\testng-customsuite.xml
java -ea -classpath /D:/Lena/eclipse/plugins/org.testng.eclipse_6.8.6.20141201_2240/lib/testng.jar:D:\Lena\repository\programming-for-testers\addressbook-seleniun-tests\bin:D:\Lena\eclipse\plugins\org.testng.eclipse_6.8.6.20141201_2240\lib\testng.jar:D:\Lena\selenium-server-standalone-2.44.0.jar org.testng.remote.RemoteTestNG -serport 65335 -d D:\Lena\repository\programming-for-testers\addressbook-seleniun-tests\test-output C:\Users\ADMINI~1\AppData\Local\Temp\testng-eclipse-1832719957\testng-customsuite.xml

!ENTRY org.testng.eclipse 1 0 2014-12-19 18:36:12.653
!MESSAGE [TestNGLaunchShortcut] Examining Java element:[Working copy] ContactPemovalTests.java [in com.example.tests [in src [in addressbook-seleniun-tests]]]
  package com.example.tests
  import org.testng.annotations.Test
  class ContactPemovalTests
    void deleteSomeContact()

!ENTRY org.testng.eclipse 1 0 2014-12-19 18:36:12.743
!MESSAGE [TestNGLaunchConfigurationDelegate] Launching:
  Classpath: /D:/Lena/eclipse/plugins/org.testng.eclipse_6.8.6.20141201_2240/lib/testng.jar D:\Lena\repository\programming-for-testers\addressbook-seleniun-tests\bin D:\Lena\eclipse\plugins\org.testng.eclipse_6.8.6.20141201_2240\lib\testng.jar D:\Lena\selenium-server-standalone-2.44.0.jar
  VMArgs:    -ea
  Class:     org.testng.remote.RemoteTestNG
  Args:      -serport 65363 -d D:\Lena\repository\programming-for-testers\addressbook-seleniun-tests\test-output C:\Users\ADMINI~1\AppData\Local\Temp\testng-eclipse-1898774174\testng-customsuite.xml
java -ea -classpath /D:/Lena/eclipse/plugins/org.testng.eclipse_6.8.6.20141201_2240/lib/testng.jar:D:\Lena\repository\programming-for-testers\addressbook-seleniun-tests\bin:D:\Lena\eclipse\plugins\org.testng.eclipse_6.8.6.20141201_2240\lib\testng.jar:D:\Lena\selenium-server-standalone-2.44.0.jar org.testng.remote.RemoteTestNG -serport 65363 -d D:\Lena\repository\programming-for-testers\addressbook-seleniun-tests\test-output C:\Users\ADMINI~1\AppData\Local\Temp\testng-eclipse-1898774174\testng-customsuite.xml

!ENTRY org.testng.eclipse 1 0 2014-12-19 18:38:38.377
!MESSAGE [TestNGLaunchShortcut] Examining Java element:[Working copy] ContactPemovalTests.java [in com.example.tests [in src [in addressbook-seleniun-tests]]]
  package com.example.tests
  import org.testng.annotations.Test
  class ContactPemovalTests
    void deleteSomeContact()

!ENTRY org.testng.eclipse 1 0 2014-12-19 18:38:38.467
!MESSAGE [TestNGLaunchConfigurationDelegate] Launching:
  Classpath: /D:/Lena/eclipse/plugins/org.testng.eclipse_6.8.6.20141201_2240/lib/testng.jar D:\Lena\repository\programming-for-testers\addressbook-seleniun-tests\bin D:\Lena\eclipse\plugins\org.testng.eclipse_6.8.6.20141201_2240\lib\testng.jar D:\Lena\selenium-server-standalone-2.44.0.jar
  VMArgs:    -ea
  Class:     org.testng.remote.RemoteTestNG
  Args:      -serport 65398 -d D:\Lena\repository\programming-for-testers\addressbook-seleniun-tests\test-output C:\Users\ADMINI~1\AppData\Local\Temp\testng-eclipse--1704232354\testng-customsuite.xml
java -ea -classpath /D:/Lena/eclipse/plugins/org.testng.eclipse_6.8.6.20141201_2240/lib/testng.jar:D:\Lena\repository\programming-for-testers\addressbook-seleniun-tests\bin:D:\Lena\eclipse\plugins\org.testng.eclipse_6.8.6.20141201_2240\lib\testng.jar:D:\Lena\selenium-server-standalone-2.44.0.jar org.testng.remote.RemoteTestNG -serport 65398 -d D:\Lena\repository\programming-for-testers\addressbook-seleniun-tests\test-output C:\Users\ADMINI~1\AppData\Local\Temp\testng-eclipse--1704232354\testng-customsuite.xml

!ENTRY org.testng.eclipse 1 0 2014-12-19 18:39:04.760
!MESSAGE [TestNGLaunchShortcut] Examining Java element:[Working copy] ContactPemovalTests.java [in com.example.tests [in src [in addressbook-seleniun-tests]]]
  package com.example.tests
  import org.testng.annotations.Test
  class ContactPemovalTests
    void deleteSomeContact()

!ENTRY org.testng.eclipse 1 0 2014-12-19 18:39:04.820
!MESSAGE [TestNGLaunchConfigurationDelegate] Launching:
  Classpath: /D:/Lena/eclipse/plugins/org.testng.eclipse_6.8.6.20141201_2240/lib/testng.jar D:\Lena\repository\programming-for-testers\addressbook-seleniun-tests\bin D:\Lena\eclipse\plugins\org.testng.eclipse_6.8.6.20141201_2240\lib\testng.jar D:\Lena\selenium-server-standalone-2.44.0.jar
  VMArgs:    -ea
  Class:     org.testng.remote.RemoteTestNG
  Args:      -serport 65425 -d D:\Lena\repository\programming-for-testers\addressbook-seleniun-tests\test-output C:\Users\ADMINI~1\AppData\Local\Temp\testng-eclipse--1962368218\testng-customsuite.xml
java -ea -classpath /D:/Lena/eclipse/plugins/org.testng.eclipse_6.8.6.20141201_2240/lib/testng.jar:D:\Lena\repository\programming-for-testers\addressbook-seleniun-tests\bin:D:\Lena\eclipse\plugins\org.testng.eclipse_6.8.6.20141201_2240\lib\testng.jar:D:\Lena\selenium-server-standalone-2.44.0.jar org.testng.remote.RemoteTestNG -serport 65425 -d D:\Lena\repository\programming-for-testers\addressbook-seleniun-tests\test-output C:\Users\ADMINI~1\AppData\Local\Temp\testng-eclipse--1962368218\testng-customsuite.xml

!ENTRY org.testng.eclipse 1 0 2014-12-19 18:41:05.538
!MESSAGE [TestNGLaunchShortcut] Examining Java element:[Working copy] ContactPemovalTests.java [in com.example.tests [in src [in addressbook-seleniun-tests]]]
  package com.example.tests
  import org.testng.annotations.Test
  class ContactPemovalTests
    void deleteSomeContact()

!ENTRY org.testng.eclipse 1 0 2014-12-19 18:41:05.558
!MESSAGE [TestNGLaunchConfigurationDelegate] Launching:
  Classpath: /D:/Lena/eclipse/plugins/org.testng.eclipse_6.8.6.20141201_2240/lib/testng.jar D:\Lena\repository\programming-for-testers\addressbook-seleniun-tests\bin D:\Lena\eclipse\plugins\org.testng.eclipse_6.8.6.20141201_2240\lib\testng.jar D:\Lena\selenium-server-standalone-2.44.0.jar
  VMArgs:    -ea
  Class:     org.testng.remote.RemoteTestNG
  Args:      -serport 65474 -d D:\Lena\repository\programming-for-testers\addressbook-seleniun-tests\test-output C:\Users\ADMINI~1\AppData\Local\Temp\testng-eclipse--670565301\testng-customsuite.xml
java -ea -classpath /D:/Lena/eclipse/plugins/org.testng.eclipse_6.8.6.20141201_2240/lib/testng.jar:D:\Lena\repository\programming-for-testers\addressbook-seleniun-tests\bin:D:\Lena\eclipse\plugins\org.testng.eclipse_6.8.6.20141201_2240\lib\testng.jar:D:\Lena\selenium-server-standalone-2.44.0.jar org.testng.remote.RemoteTestNG -serport 65474 -d D:\Lena\repository\programming-for-testers\addressbook-seleniun-tests\test-output C:\Users\ADMINI~1\AppData\Local\Temp\testng-eclipse--670565301\testng-customsuite.xml

!ENTRY org.testng.eclipse 1 0 2014-12-19 18:41:57.732
!MESSAGE [TestNGLaunchShortcut] Examining Java element:[Working copy] ContactPemovalTests.java [in com.example.tests [in src [in addressbook-seleniun-tests]]]
  package com.example.tests
  import org.testng.annotations.Test
  class ContactPemovalTests
    void deleteSomeContact()

!ENTRY org.testng.eclipse 1 0 2014-12-19 18:41:57.752
!MESSAGE [TestNGLaunchConfigurationDelegate] Launching:
  Classpath: /D:/Lena/eclipse/plugins/org.testng.eclipse_6.8.6.20141201_2240/lib/testng.jar D:\Lena\repository\programming-for-testers\addressbook-seleniun-tests\bin D:\Lena\eclipse\plugins\org.testng.eclipse_6.8.6.20141201_2240\lib\testng.jar D:\Lena\selenium-server-standalone-2.44.0.jar
  VMArgs:    -ea
  Class:     org.testng.remote.RemoteTestNG
  Args:      -serport 65496 -d D:\Lena\repository\programming-for-testers\addressbook-seleniun-tests\test-output C:\Users\ADMINI~1\AppData\Local\Temp\testng-eclipse--1236268778\testng-customsuite.xml
java -ea -classpath /D:/Lena/eclipse/plugins/org.testng.eclipse_6.8.6.20141201_2240/lib/testng.jar:D:\Lena\repository\programming-for-testers\addressbook-seleniun-tests\bin:D:\Lena\eclipse\plugins\org.testng.eclipse_6.8.6.20141201_2240\lib\testng.jar:D:\Lena\selenium-server-standalone-2.44.0.jar org.testng.remote.RemoteTestNG -serport 65496 -d D:\Lena\repository\programming-for-testers\addressbook-seleniun-tests\test-output C:\Users\ADMINI~1\AppData\Local\Temp\testng-eclipse--1236268778\testng-customsuite.xml

!ENTRY org.testng.eclipse 1 0 2014-12-19 18:46:09.785
!MESSAGE [TestNGLaunchShortcut] Examining Java element:[Working copy] ContactPemovalTests.java [in com.example.tests [in src [in addressbook-seleniun-tests]]]
  package com.example.tests
  import org.testng.annotations.Test
  class ContactPemovalTests
    void deleteSomeContact()

!ENTRY org.testng.eclipse 1 0 2014-12-19 18:46:11.216
!MESSAGE [TestNGLaunchConfigurationDelegate] Launching:
  Classpath: /D:/Lena/eclipse/plugins/org.testng.eclipse_6.8.6.20141201_2240/lib/testng.jar D:\Lena\repository\programming-for-testers\addressbook-seleniun-tests\bin D:\Lena\eclipse\plugins\org.testng.eclipse_6.8.6.20141201_2240\lib\testng.jar D:\Lena\selenium-server-standalone-2.44.0.jar
  VMArgs:    -ea
  Class:     org.testng.remote.RemoteTestNG
  Args:      -serport 49163 -d D:\Lena\repository\programming-for-testers\addressbook-seleniun-tests\test-output C:\Users\ADMINI~1\AppData\Local\Temp\testng-eclipse--338388788\testng-customsuite.xml
java -ea -classpath /D:/Lena/eclipse/plugins/org.testng.eclipse_6.8.6.20141201_2240/lib/testng.jar:D:\Lena\repository\programming-for-testers\addressbook-seleniun-tests\bin:D:\Lena\eclipse\plugins\org.testng.eclipse_6.8.6.20141201_2240\lib\testng.jar:D:\Lena\selenium-server-standalone-2.44.0.jar org.testng.remote.RemoteTestNG -serport 49163 -d D:\Lena\repository\programming-for-testers\addressbook-seleniun-tests\test-output C:\Users\ADMINI~1\AppData\Local\Temp\testng-eclipse--338388788\testng-customsuite.xml

!ENTRY org.testng.eclipse 1 0 2014-12-19 18:48:57.343
!MESSAGE [TestNGLaunchShortcut] Examining Java element:[Working copy] ContactPemovalTests.java [in com.example.tests [in src [in addressbook-seleniun-tests]]]
  package com.example.tests
  import org.testng.annotations.Test
  class ContactPemovalTests
    void deleteSomeContact()

!ENTRY org.testng.eclipse 1 0 2014-12-19 18:48:57.463
!MESSAGE [TestNGLaunchConfigurationDelegate] Launching:
  Classpath: /D:/Lena/eclipse/plugins/org.testng.eclipse_6.8.6.20141201_2240/lib/testng.jar D:\Lena\repository\programming-for-testers\addressbook-seleniun-tests\bin D:\Lena\eclipse\plugins\org.testng.eclipse_6.8.6.20141201_2240\lib\testng.jar D:\Lena\selenium-server-standalone-2.44.0.jar
  VMArgs:    -ea
  Class:     org.testng.remote.RemoteTestNG
  Args:      -serport 49211 -d D:\Lena\repository\programming-for-testers\addressbook-seleniun-tests\test-output C:\Users\ADMINI~1\AppData\Local\Temp\testng-eclipse-2104994945\testng-customsuite.xml
java -ea -classpath /D:/Lena/eclipse/plugins/org.testng.eclipse_6.8.6.20141201_2240/lib/testng.jar:D:\Lena\repository\programming-for-testers\addressbook-seleniun-tests\bin:D:\Lena\eclipse\plugins\org.testng.eclipse_6.8.6.20141201_2240\lib\testng.jar:D:\Lena\selenium-server-standalone-2.44.0.jar org.testng.remote.RemoteTestNG -serport 49211 -d D:\Lena\repository\programming-for-testers\addressbook-seleniun-tests\test-output C:\Users\ADMINI~1\AppData\Local\Temp\testng-eclipse-2104994945\testng-customsuite.xml

!ENTRY org.testng.eclipse 1 0 2014-12-19 18:51:24.255
!MESSAGE [TestNGLaunchShortcut] Examining Java element:[Working copy] ContactPemovalTests.java [in com.example.tests [in src [in addressbook-seleniun-tests]]]
  package com.example.tests
  import org.testng.annotations.Test
  class ContactPemovalTests
    void deleteSomeContact()

!ENTRY org.testng.eclipse 1 0 2014-12-19 18:51:24.324
!MESSAGE [TestNGLaunchConfigurationDelegate] Launching:
  Classpath: /D:/Lena/eclipse/plugins/org.testng.eclipse_6.8.6.20141201_2240/lib/testng.jar D:\Lena\repository\programming-for-testers\addressbook-seleniun-tests\bin D:\Lena\eclipse\plugins\org.testng.eclipse_6.8.6.20141201_2240\lib\testng.jar D:\Lena\selenium-server-standalone-2.44.0.jar
  VMArgs:    -ea
  Class:     org.testng.remote.RemoteTestNG
  Args:      -serport 49321 -d D:\Lena\repository\programming-for-testers\addressbook-seleniun-tests\test-output C:\Users\ADMINI~1\AppData\Local\Temp\testng-eclipse--1321226303\testng-customsuite.xml
java -ea -classpath /D:/Lena/eclipse/plugins/org.testng.eclipse_6.8.6.20141201_2240/lib/testng.jar:D:\Lena\repository\programming-for-testers\addressbook-seleniun-tests\bin:D:\Lena\eclipse\plugins\org.testng.eclipse_6.8.6.20141201_2240\lib\testng.jar:D:\Lena\selenium-server-standalone-2.44.0.jar org.testng.remote.RemoteTestNG -serport 49321 -d D:\Lena\repository\programming-for-testers\addressbook-seleniun-tests\test-output C:\Users\ADMINI~1\AppData\Local\Temp\testng-eclipse--1321226303\testng-customsuite.xml

!ENTRY org.testng.eclipse 1 0 2014-12-19 19:17:38.154
!MESSAGE [TestNGLaunchShortcut] Examining Java element:[Working copy] ContactCreationTests.java [in com.example.tests [in src [in addressbook-seleniun-tests]]]
  package com.example.tests
  import org.testng.annotations.Test
  class ContactCreationTests
    void testEmptyContactCreation()
    void testNonEmptyContactCreation()

!ENTRY org.testng.eclipse 1 0 2014-12-19 19:17:39.867
!MESSAGE [TestNGLaunchConfigurationDelegate] Launching:
  Classpath: /D:/Lena/eclipse/plugins/org.testng.eclipse_6.8.6.20141201_2240/lib/testng.jar D:\Lena\repository\programming-for-testers\addressbook-seleniun-tests\bin D:\Lena\eclipse\plugins\org.testng.eclipse_6.8.6.20141201_2240\lib\testng.jar D:\Lena\selenium-server-standalone-2.44.0.jar
  VMArgs:    -ea
  Class:     org.testng.remote.RemoteTestNG
  Args:      -serport 49779 -d D:\Lena\repository\programming-for-testers\addressbook-seleniun-tests\test-output C:\Users\ADMINI~1\AppData\Local\Temp\testng-eclipse--663822893\testng-customsuite.xml
java -ea -classpath /D:/Lena/eclipse/plugins/org.testng.eclipse_6.8.6.20141201_2240/lib/testng.jar:D:\Lena\repository\programming-for-testers\addressbook-seleniun-tests\bin:D:\Lena\eclipse\plugins\org.testng.eclipse_6.8.6.20141201_2240\lib\testng.jar:D:\Lena\selenium-server-standalone-2.44.0.jar org.testng.remote.RemoteTestNG -serport 49779 -d D:\Lena\repository\programming-for-testers\addressbook-seleniun-tests\test-output C:\Users\ADMINI~1\AppData\Local\Temp\testng-eclipse--663822893\testng-customsuite.xml

!ENTRY org.testng.eclipse 1 0 2014-12-19 19:19:02.036
!MESSAGE [TestNGLaunchShortcut] Examining Java element:[Working copy] ContactCreationTests.java [in com.example.tests [in src [in addressbook-seleniun-tests]]]
  package com.example.tests
  import org.testng.annotations.Test
  class ContactCreationTests
    void testEmptyContactCreation()
    void testNonEmptyContactCreation()

!ENTRY org.testng.eclipse 1 0 2014-12-19 19:19:02.056
!MESSAGE [TestNGLaunchConfigurationDelegate] Launching:
  Classpath: /D:/Lena/eclipse/plugins/org.testng.eclipse_6.8.6.20141201_2240/lib/testng.jar D:\Lena\repository\programming-for-testers\addressbook-seleniun-tests\bin D:\Lena\eclipse\plugins\org.testng.eclipse_6.8.6.20141201_2240\lib\testng.jar D:\Lena\selenium-server-standalone-2.44.0.jar
  VMArgs:    -ea
  Class:     org.testng.remote.RemoteTestNG
  Args:      -serport 49932 -d D:\Lena\repository\programming-for-testers\addressbook-seleniun-tests\test-output C:\Users\ADMINI~1\AppData\Local\Temp\testng-eclipse-753146009\testng-customsuite.xml
java -ea -classpath /D:/Lena/eclipse/plugins/org.testng.eclipse_6.8.6.20141201_2240/lib/testng.jar:D:\Lena\repository\programming-for-testers\addressbook-seleniun-tests\bin:D:\Lena\eclipse\plugins\org.testng.eclipse_6.8.6.20141201_2240\lib\testng.jar:D:\Lena\selenium-server-standalone-2.44.0.jar org.testng.remote.RemoteTestNG -serport 49932 -d D:\Lena\repository\programming-for-testers\addressbook-seleniun-tests\test-output C:\Users\ADMINI~1\AppData\Local\Temp\testng-eclipse-753146009\testng-customsuite.xml

!ENTRY org.testng.eclipse 1 0 2014-12-19 19:21:57.730
!MESSAGE [TestNGLaunchShortcut] Examining Java element:[Working copy] ContactCreationTests.java [in com.example.tests [in src [in addressbook-seleniun-tests]]]
  package com.example.tests
  import org.testng.annotations.Test
  class ContactCreationTests
    void testEmptyContactCreation()
    void testNonEmptyContactCreation()

!ENTRY org.testng.eclipse 1 0 2014-12-19 19:21:57.900
!MESSAGE [TestNGLaunchConfigurationDelegate] Launching:
  Classpath: /D:/Lena/eclipse/plugins/org.testng.eclipse_6.8.6.20141201_2240/lib/testng.jar D:\Lena\repository\programming-for-testers\addressbook-seleniun-tests\bin D:\Lena\eclipse\plugins\org.testng.eclipse_6.8.6.20141201_2240\lib\testng.jar D:\Lena\selenium-server-standalone-2.44.0.jar
  VMArgs:    -ea
  Class:     org.testng.remote.RemoteTestNG
  Args:      -serport 50082 -d D:\Lena\repository\programming-for-testers\addressbook-seleniun-tests\test-output C:\Users\ADMINI~1\AppData\Local\Temp\testng-eclipse-1980524005\testng-customsuite.xml
java -ea -classpath /D:/Lena/eclipse/plugins/org.testng.eclipse_6.8.6.20141201_2240/lib/testng.jar:D:\Lena\repository\programming-for-testers\addressbook-seleniun-tests\bin:D:\Lena\eclipse\plugins\org.testng.eclipse_6.8.6.20141201_2240\lib\testng.jar:D:\Lena\selenium-server-standalone-2.44.0.jar org.testng.remote.RemoteTestNG -serport 50082 -d D:\Lena\repository\programming-for-testers\addressbook-seleniun-tests\test-output C:\Users\ADMINI~1\AppData\Local\Temp\testng-eclipse-1980524005\testng-customsuite.xml

!ENTRY org.testng.eclipse 1 0 2014-12-19 19:23:59.367
!MESSAGE [TestNGLaunchShortcut] Examining Java element:[Working copy] ContactCreationTests.java [in com.example.tests [in src [in addressbook-seleniun-tests]]]
  package com.example.tests
  import org.testng.annotations.Test
  class ContactCreationTests
    void testEmptyContactCreation()
    void testNonEmptyContactCreation()

!ENTRY org.testng.eclipse 1 0 2014-12-19 19:23:59.437
!MESSAGE [TestNGLaunchConfigurationDelegate] Launching:
  Classpath: /D:/Lena/eclipse/plugins/org.testng.eclipse_6.8.6.20141201_2240/lib/testng.jar D:\Lena\repository\programming-for-testers\addressbook-seleniun-tests\bin D:\Lena\eclipse\plugins\org.testng.eclipse_6.8.6.20141201_2240\lib\testng.jar D:\Lena\selenium-server-standalone-2.44.0.jar
  VMArgs:    -ea
  Class:     org.testng.remote.RemoteTestNG
  Args:      -serport 50241 -d D:\Lena\repository\programming-for-testers\addressbook-seleniun-tests\test-output C:\Users\ADMINI~1\AppData\Local\Temp\testng-eclipse--517281179\testng-customsuite.xml
java -ea -classpath /D:/Lena/eclipse/plugins/org.testng.eclipse_6.8.6.20141201_2240/lib/testng.jar:D:\Lena\repository\programming-for-testers\addressbook-seleniun-tests\bin:D:\Lena\eclipse\plugins\org.testng.eclipse_6.8.6.20141201_2240\lib\testng.jar:D:\Lena\selenium-server-standalone-2.44.0.jar org.testng.remote.RemoteTestNG -serport 50241 -d D:\Lena\repository\programming-for-testers\addressbook-seleniun-tests\test-output C:\Users\ADMINI~1\AppData\Local\Temp\testng-eclipse--517281179\testng-customsuite.xml
!SESSION 2014-12-19 21:10:16.413 -----------------------------------------------
eclipse.buildId=4.4.1.M20140925-0400
java.version=1.7.0_71
java.vendor=Oracle Corporation
BootLoader constants: OS=win32, ARCH=x86_64, WS=win32, NL=ru_RU
Framework arguments:  -product org.eclipse.epp.package.java.product
Command-line arguments:  -os win32 -ws win32 -arch x86_64 -product org.eclipse.epp.package.java.product

!ENTRY org.eclipse.m2e.logback.configuration 2 0 2014-12-19 21:10:18.842
!MESSAGE Exception while setting up logging:org.eclipse.osgi.internal.framework.EquinoxConfiguration$1 cannot be cast to java.lang.String
!STACK 0
java.lang.ClassCastException: org.eclipse.osgi.internal.framework.EquinoxConfiguration$1 cannot be cast to java.lang.String
	at org.eclipse.m2e.logback.configuration.LogHelper.logJavaProperties(LogHelper.java:26)
	at org.eclipse.m2e.logback.configuration.LogPlugin.loadConfiguration(LogPlugin.java:189)
	at org.eclipse.m2e.logback.configuration.LogPlugin.configureLogback(LogPlugin.java:144)
	at org.eclipse.m2e.logback.configuration.LogPlugin.access$2(LogPlugin.java:107)
	at org.eclipse.m2e.logback.configuration.LogPlugin$1.run(LogPlugin.java:62)
	at java.util.TimerThread.mainLoop(Unknown Source)
	at java.util.TimerThread.run(Unknown Source)

!ENTRY org.eclipse.egit.ui 2 0 2014-12-19 21:10:28.217
!MESSAGE Warning: EGit couldn't detect the installation path "gitPrefix" of native Git. Hence EGit can't respect system level
Git settings which might be configured in ${gitPrefix}/etc/gitconfig under the native Git installation directory.
The most important of these settings is core.autocrlf. Git for Windows by default sets this parameter to true in
this system level configuration. The Git installation location can be configured on the
Team > Git > Configuration preference page's 'System Settings' tab.
This warning can be switched off on the Team > Git > Confirmations and Warnings preference page.

!ENTRY org.eclipse.egit.ui 2 0 2014-12-19 21:10:28.218
!MESSAGE Warning: The environment variable HOME is not set. The following directory will be used to store the Git
user global configuration and to define the default location to store repositories: 'C:\Users\Administrator'. If this is
not correct please set the HOME environment variable and restart Eclipse. Otherwise Git for Windows and
EGit might behave differently since they see different configuration options.
This warning can be switched off on the Team > Git > Confirmations and Warnings preference page.

!ENTRY org.testng.eclipse 1 0 2014-12-19 21:18:57.874
!MESSAGE [TestNGLaunchShortcut] Examining Java element:[Working copy] ContactModificationTests.java [in com.example.tests [in src [in addressbook-seleniun-tests]]]
  package com.example.tests
  import org.testng.annotations.Test
  class ContactModificationTests
    void modificationSomeContact()

!ENTRY org.testng.eclipse 1 0 2014-12-19 21:18:58.131
!MESSAGE [TestNGLaunchConfigurationDelegate] Launching:
  Classpath: /D:/Lena/eclipse/plugins/org.testng.eclipse_6.8.6.20141201_2240/lib/testng.jar D:\Lena\repository\programming-for-testers\addressbook-seleniun-tests\bin D:\Lena\eclipse\plugins\org.testng.eclipse_6.8.6.20141201_2240\lib\testng.jar D:\Lena\selenium-server-standalone-2.44.0.jar
  VMArgs:    -ea
  Class:     org.testng.remote.RemoteTestNG
  Args:      -serport 55786 -d D:\Lena\repository\programming-for-testers\addressbook-seleniun-tests\test-output C:\Users\ADMINI~1\AppData\Local\Temp\testng-eclipse--1132241335\testng-customsuite.xml
java -ea -classpath /D:/Lena/eclipse/plugins/org.testng.eclipse_6.8.6.20141201_2240/lib/testng.jar:D:\Lena\repository\programming-for-testers\addressbook-seleniun-tests\bin:D:\Lena\eclipse\plugins\org.testng.eclipse_6.8.6.20141201_2240\lib\testng.jar:D:\Lena\selenium-server-standalone-2.44.0.jar org.testng.remote.RemoteTestNG -serport 55786 -d D:\Lena\repository\programming-for-testers\addressbook-seleniun-tests\test-output C:\Users\ADMINI~1\AppData\Local\Temp\testng-eclipse--1132241335\testng-customsuite.xml

!ENTRY org.testng.eclipse 1 0 2014-12-19 21:19:51.176
!MESSAGE [TestNGLaunchShortcut] Examining Java element:[Working copy] ContactModificationTests.java [in com.example.tests [in src [in addressbook-seleniun-tests]]]
  package com.example.tests
  import org.testng.annotations.Test
  class ContactModificationTests
    void modificationSomeContact()

!ENTRY org.testng.eclipse 1 0 2014-12-19 21:19:51.273
!MESSAGE [TestNGLaunchConfigurationDelegate] Launching:
  Classpath: /D:/Lena/eclipse/plugins/org.testng.eclipse_6.8.6.20141201_2240/lib/testng.jar D:\Lena\repository\programming-for-testers\addressbook-seleniun-tests\bin D:\Lena\eclipse\plugins\org.testng.eclipse_6.8.6.20141201_2240\lib\testng.jar D:\Lena\selenium-server-standalone-2.44.0.jar
  VMArgs:    -ea
  Class:     org.testng.remote.RemoteTestNG
  Args:      -serport 55820 -d D:\Lena\repository\programming-for-testers\addressbook-seleniun-tests\test-output C:\Users\ADMINI~1\AppData\Local\Temp\testng-eclipse--1785104378\testng-customsuite.xml
java -ea -classpath /D:/Lena/eclipse/plugins/org.testng.eclipse_6.8.6.20141201_2240/lib/testng.jar:D:\Lena\repository\programming-for-testers\addressbook-seleniun-tests\bin:D:\Lena\eclipse\plugins\org.testng.eclipse_6.8.6.20141201_2240\lib\testng.jar:D:\Lena\selenium-server-standalone-2.44.0.jar org.testng.remote.RemoteTestNG -serport 55820 -d D:\Lena\repository\programming-for-testers\addressbook-seleniun-tests\test-output C:\Users\ADMINI~1\AppData\Local\Temp\testng-eclipse--1785104378\testng-customsuite.xml

!ENTRY org.testng.eclipse 1 0 2014-12-19 21:22:32.711
!MESSAGE [TestNGLaunchShortcut] Examining Java element:[Working copy] ContactModificationTests.java [in com.example.tests [in src [in addressbook-seleniun-tests]]]
  package com.example.tests
  import org.testng.annotations.Test
  class ContactModificationTests
    void modificationSomeContact()

!ENTRY org.testng.eclipse 1 0 2014-12-19 21:22:32.750
!MESSAGE [TestNGLaunchConfigurationDelegate] Launching:
  Classpath: /D:/Lena/eclipse/plugins/org.testng.eclipse_6.8.6.20141201_2240/lib/testng.jar D:\Lena\repository\programming-for-testers\addressbook-seleniun-tests\bin D:\Lena\eclipse\plugins\org.testng.eclipse_6.8.6.20141201_2240\lib\testng.jar D:\Lena\selenium-server-standalone-2.44.0.jar
  VMArgs:    -ea
  Class:     org.testng.remote.RemoteTestNG
  Args:      -serport 55870 -d D:\Lena\repository\programming-for-testers\addressbook-seleniun-tests\test-output C:\Users\ADMINI~1\AppData\Local\Temp\testng-eclipse--1474380509\testng-customsuite.xml
java -ea -classpath /D:/Lena/eclipse/plugins/org.testng.eclipse_6.8.6.20141201_2240/lib/testng.jar:D:\Lena\repository\programming-for-testers\addressbook-seleniun-tests\bin:D:\Lena\eclipse\plugins\org.testng.eclipse_6.8.6.20141201_2240\lib\testng.jar:D:\Lena\selenium-server-standalone-2.44.0.jar org.testng.remote.RemoteTestNG -serport 55870 -d D:\Lena\repository\programming-for-testers\addressbook-seleniun-tests\test-output C:\Users\ADMINI~1\AppData\Local\Temp\testng-eclipse--1474380509\testng-customsuite.xml

!ENTRY org.testng.eclipse 1 0 2014-12-19 21:29:05.757
!MESSAGE [TestNGLaunchShortcut] Examining Java element:com.example.tests [in src [in addressbook-seleniun-tests]]
  [Working copy] ContactData.java
    package com.example.tests
    class ContactData
      String firstName
      String lastName
      String homePhone
      String mobilePhome
      String workPhone
      String mail
      String mail2
      String year
      String address
      String home
      ContactData()
      ContactData(String, String, String, String, String, String, String, String, String, String)
  GroupRemovalTests.java (not open)
  [Working copy] ContactRemovalTests.java
    package com.example.tests
    import org.testng.annotations.Test
    class ContactRemovalTests
      void deleteSomeContact()
  SelectContactData.java
    package com.example.tests
    class SelectContactData
      String day
      String month
      String group
      SelectContactData()
      SelectContactData(String, String, String)
  TestBase.java
    package com.example.tests
    import org.testng.annotations.AfterTest
    import org.testng.annotations.BeforeTest
    import com.example.fw.ApplicationManager
    class TestBase
      ApplicationManager app
      void setUp()
      void tearDown()
  GroupModificationTests.java (not open)
  GroupData.java
    package com.example.tests
    class GroupData
      String name
      String header
      String footer
      GroupData()
      GroupData(String, String, String)
  [Working copy] ContactModificationTests.java
    package com.example.tests
    import org.testng.annotations.Test
    class ContactModificationTests
      void modificationSomeContact()
  GroupCreationTests.java (not open)
  ContactCreationTests.java (not open)

!ENTRY org.testng.eclipse 1 0 2014-12-19 21:29:05.832
!MESSAGE [TestNGLaunchConfigurationDelegate] Launching:
  Classpath: /D:/Lena/eclipse/plugins/org.testng.eclipse_6.8.6.20141201_2240/lib/testng.jar D:\Lena\repository\programming-for-testers\addressbook-seleniun-tests\bin D:\Lena\eclipse\plugins\org.testng.eclipse_6.8.6.20141201_2240\lib\testng.jar D:\Lena\selenium-server-standalone-2.44.0.jar
  VMArgs:    -ea
  Class:     org.testng.remote.RemoteTestNG
  Args:      -serport 55924 -d D:\Lena\repository\programming-for-testers\addressbook-seleniun-tests\test-output C:\Users\ADMINI~1\AppData\Local\Temp\testng-eclipse--265364836\testng-customsuite.xml
java -ea -classpath /D:/Lena/eclipse/plugins/org.testng.eclipse_6.8.6.20141201_2240/lib/testng.jar:D:\Lena\repository\programming-for-testers\addressbook-seleniun-tests\bin:D:\Lena\eclipse\plugins\org.testng.eclipse_6.8.6.20141201_2240\lib\testng.jar:D:\Lena\selenium-server-standalone-2.44.0.jar org.testng.remote.RemoteTestNG -serport 55924 -d D:\Lena\repository\programming-for-testers\addressbook-seleniun-tests\test-output C:\Users\ADMINI~1\AppData\Local\Temp\testng-eclipse--265364836\testng-customsuite.xml
!SESSION 2014-12-20 12:36:53.564 -----------------------------------------------
eclipse.buildId=4.4.1.M20140925-0400
java.version=1.7.0_71
java.vendor=Oracle Corporation
BootLoader constants: OS=win32, ARCH=x86_64, WS=win32, NL=ru_RU
Framework arguments:  -product org.eclipse.epp.package.java.product
Command-line arguments:  -os win32 -ws win32 -arch x86_64 -product org.eclipse.epp.package.java.product

!ENTRY org.eclipse.m2e.logback.configuration 2 0 2014-12-20 12:37:00.971
!MESSAGE Exception while setting up logging:org.eclipse.osgi.internal.framework.EquinoxConfiguration$1 cannot be cast to java.lang.String
!STACK 0
java.lang.ClassCastException: org.eclipse.osgi.internal.framework.EquinoxConfiguration$1 cannot be cast to java.lang.String
	at org.eclipse.m2e.logback.configuration.LogHelper.logJavaProperties(LogHelper.java:26)
	at org.eclipse.m2e.logback.configuration.LogPlugin.loadConfiguration(LogPlugin.java:189)
	at org.eclipse.m2e.logback.configuration.LogPlugin.configureLogback(LogPlugin.java:144)
	at org.eclipse.m2e.logback.configuration.LogPlugin.access$2(LogPlugin.java:107)
	at org.eclipse.m2e.logback.configuration.LogPlugin$1.run(LogPlugin.java:62)
	at java.util.TimerThread.mainLoop(Unknown Source)
	at java.util.TimerThread.run(Unknown Source)

!ENTRY org.eclipse.egit.ui 2 0 2014-12-20 12:37:22.599
!MESSAGE Warning: EGit couldn't detect the installation path "gitPrefix" of native Git. Hence EGit can't respect system level
Git settings which might be configured in ${gitPrefix}/etc/gitconfig under the native Git installation directory.
The most important of these settings is core.autocrlf. Git for Windows by default sets this parameter to true in
this system level configuration. The Git installation location can be configured on the
Team > Git > Configuration preference page's 'System Settings' tab.
This warning can be switched off on the Team > Git > Confirmations and Warnings preference page.

!ENTRY org.eclipse.egit.ui 2 0 2014-12-20 12:37:22.599
!MESSAGE Warning: The environment variable HOME is not set. The following directory will be used to store the Git
user global configuration and to define the default location to store repositories: 'C:\Users\Administrator'. If this is
not correct please set the HOME environment variable and restart Eclipse. Otherwise Git for Windows and
EGit might behave differently since they see different configuration options.
This warning can be switched off on the Team > Git > Confirmations and Warnings preference page.

!ENTRY org.testng.eclipse 1 0 2014-12-20 12:37:43.787
!MESSAGE [TestNGLaunchShortcut] Examining Java element:src [in addressbook-seleniun-tests]
  <default> (...)
  com (...)
  com.example (...)
  com.example.fw (...)
  com.example.tests (...)

!ENTRY org.testng.eclipse 1 0 2014-12-20 12:37:43.787
!MESSAGE [TestNGLaunchShortcut] Examining Java element:<default> [in src [in addressbook-seleniun-tests]]

!ENTRY org.testng.eclipse 1 0 2014-12-20 12:37:43.787
!MESSAGE [TestNGLaunchShortcut] Examining Java element:com [in src [in addressbook-seleniun-tests]]

!ENTRY org.testng.eclipse 1 0 2014-12-20 12:37:43.787
!MESSAGE [TestNGLaunchShortcut] Examining Java element:com.example [in src [in addressbook-seleniun-tests]]

!ENTRY org.testng.eclipse 1 0 2014-12-20 12:37:43.803
!MESSAGE [TestNGLaunchShortcut] Examining Java element:com.example.fw [in src [in addressbook-seleniun-tests]]
  NavigatioHelper.java (not open)
  [Working copy] ContactHelper.java
    package com.example.fw
    import org.openqa.selenium.By
    import com.example.tests.ContactData
    import com.example.tests.SelectContactData
    class ContactHelper
      ContactHelper(ApplicationManager)
      void InitNewContactCreation()
      void fillContactCreationForm(ContactData)
      void selectContactDetailsFromContactCreationForm(SelectContactData)
      void reternToMainPage()
      void initContactModification(int)
      void deleteContact()
      void modificationContact()
  ApplicationManager.java
    package com.example.fw
    import java.util.concurrent.TimeUnit
    import org.openqa.selenium.WebDriver
    import org.openqa.selenium.firefox.FirefoxDriver
    class ApplicationManager
      WebDriver driver
      String baseUrl
      NavigatioHelper NavigationHelper
      GroupHelper GroupHelper
      ContactHelper ContactHelper
      ApplicationManager()
      void stop()
      NavigatioHelper getNavigatioHelper()
      GroupHelper getGroupHelper()
      ContactHelper getContactHelper()
  HelperBase.java
    package com.example.fw
    import org.openqa.selenium.Alert
    import org.openqa.selenium.By
    import org.openqa.selenium.NoAlertPresentException
    import org.openqa.selenium.NoSuchElementException
    import org.openqa.selenium.WebDriver
    import org.openqa.selenium.support.ui.Select
    class HelperBase
      ApplicationManager manager
      WebDriver driver
      boolean acceptNextAlert
      HelperBase(ApplicationManager)
      boolean isElementPresent(By)
      boolean isAlertPresent()
      String closeAlertAndGetItsText()
      void type(By, String)
      void click(By)
      void selectBytext(By, String)
      void selectGroupByIndex(int)
  GroupHelper.java (not open)

!ENTRY org.testng.eclipse 1 0 2014-12-20 12:37:43.834
!MESSAGE [TestNGLaunchShortcut] Examining Java element:com.example.tests [in src [in addressbook-seleniun-tests]]
  ContactData.java
    package com.example.tests
    class ContactData
      String firstName
      String lastName
      String homePhone
      String mobilePhome
      String workPhone
      String mail
      String mail2
      String year
      String address
      String home
      ContactData()
      ContactData(String, String, String, String, String, String, String, String, String, String)
  GroupRemovalTests.java (not open)
  ContactRemovalTests.java (not open)
  SelectContactData.java
    package com.example.tests
    class SelectContactData
      String day
      String month
      String group
      SelectContactData()
      SelectContactData(String, String, String)
  TestBase.java (not open)
  GroupModificationTests.java (not open)
  GroupData.java (not open)
  ContactModificationTests.java (not open)
  GroupCreationTests.java (not open)
  ContactCreationTests.java (not open)

!ENTRY org.testng.eclipse 1 0 2014-12-20 12:37:45.178
!MESSAGE [TestNGLaunchConfigurationDelegate] Launching:
  Classpath: /D:/Lena/eclipse/plugins/org.testng.eclipse_6.8.6.20141201_2240/lib/testng.jar D:\Lena\repository\programming-for-testers\addressbook-seleniun-tests\bin D:\Lena\eclipse\plugins\org.testng.eclipse_6.8.6.20141201_2240\lib\testng.jar D:\Lena\selenium-server-standalone-2.44.0.jar
  VMArgs:    -ea
  Class:     org.testng.remote.RemoteTestNG
  Args:      -serport 58795 -d D:\Lena\repository\programming-for-testers\addressbook-seleniun-tests\test-output C:\Users\ADMINI~1\AppData\Local\Temp\testng-eclipse-340341849\testng-customsuite.xml
java -ea -classpath /D:/Lena/eclipse/plugins/org.testng.eclipse_6.8.6.20141201_2240/lib/testng.jar:D:\Lena\repository\programming-for-testers\addressbook-seleniun-tests\bin:D:\Lena\eclipse\plugins\org.testng.eclipse_6.8.6.20141201_2240\lib\testng.jar:D:\Lena\selenium-server-standalone-2.44.0.jar org.testng.remote.RemoteTestNG -serport 58795 -d D:\Lena\repository\programming-for-testers\addressbook-seleniun-tests\test-output C:\Users\ADMINI~1\AppData\Local\Temp\testng-eclipse-340341849\testng-customsuite.xml
!SESSION 2014-12-24 11:52:17.414 -----------------------------------------------
eclipse.buildId=4.4.1.M20140925-0400
java.version=1.7.0_71
java.vendor=Oracle Corporation
BootLoader constants: OS=win32, ARCH=x86_64, WS=win32, NL=ru_RU
Framework arguments:  -product org.eclipse.epp.package.java.product
Command-line arguments:  -os win32 -ws win32 -arch x86_64 -product org.eclipse.epp.package.java.product

!ENTRY org.eclipse.m2e.logback.configuration 2 0 2014-12-24 11:52:20.098
!MESSAGE Exception while setting up logging:org.eclipse.osgi.internal.framework.EquinoxConfiguration$1 cannot be cast to java.lang.String
!STACK 0
java.lang.ClassCastException: org.eclipse.osgi.internal.framework.EquinoxConfiguration$1 cannot be cast to java.lang.String
	at org.eclipse.m2e.logback.configuration.LogHelper.logJavaProperties(LogHelper.java:26)
	at org.eclipse.m2e.logback.configuration.LogPlugin.loadConfiguration(LogPlugin.java:189)
	at org.eclipse.m2e.logback.configuration.LogPlugin.configureLogback(LogPlugin.java:144)
	at org.eclipse.m2e.logback.configuration.LogPlugin.access$2(LogPlugin.java:107)
	at org.eclipse.m2e.logback.configuration.LogPlugin$1.run(LogPlugin.java:62)
	at java.util.TimerThread.mainLoop(Unknown Source)
	at java.util.TimerThread.run(Unknown Source)

!ENTRY org.eclipse.egit.ui 2 0 2014-12-24 11:52:32.391
!MESSAGE Warning: EGit couldn't detect the installation path "gitPrefix" of native Git. Hence EGit can't respect system level
Git settings which might be configured in ${gitPrefix}/etc/gitconfig under the native Git installation directory.
The most important of these settings is core.autocrlf. Git for Windows by default sets this parameter to true in
this system level configuration. The Git installation location can be configured on the
Team > Git > Configuration preference page's 'System Settings' tab.
This warning can be switched off on the Team > Git > Confirmations and Warnings preference page.

!ENTRY org.eclipse.egit.ui 2 0 2014-12-24 11:52:32.392
!MESSAGE Warning: The environment variable HOME is not set. The following directory will be used to store the Git
user global configuration and to define the default location to store repositories: 'C:\Users\Administrator'. If this is
not correct please set the HOME environment variable and restart Eclipse. Otherwise Git for Windows and
EGit might behave differently since they see different configuration options.
This warning can be switched off on the Team > Git > Confirmations and Warnings preference page.

!ENTRY org.testng.eclipse 1 0 2014-12-24 12:27:36.606
!MESSAGE [TestNGLaunchShortcut] Examining Java element:GroupRemovalTests.java [in com.example.tests [in src [in addressbook-seleniun-tests]]]
  package com.example.tests
  import org.testng.annotations.Test
  class GroupRemovalTests
    void deleteSomeGroup()

!ENTRY org.testng.eclipse 1 0 2014-12-24 12:27:37.153
!MESSAGE [TestNGLaunchConfigurationDelegate] Launching:
  Classpath: /D:/Lena/eclipse/plugins/org.testng.eclipse_6.8.6.20141201_2240/lib/testng.jar D:\Lena\repository\programming-for-testers\addressbook-seleniun-tests\bin D:\Lena\eclipse\plugins\org.testng.eclipse_6.8.6.20141201_2240\lib\testng.jar D:\Lena\selenium-server-standalone-2.44.0.jar
  VMArgs:    -ea
  Class:     org.testng.remote.RemoteTestNG
  Args:      -serport 57971 -d D:\Lena\repository\programming-for-testers\addressbook-seleniun-tests\test-output C:\Users\ADMINI~1\AppData\Local\Temp\testng-eclipse--1570460407\testng-customsuite.xml
java -ea -classpath /D:/Lena/eclipse/plugins/org.testng.eclipse_6.8.6.20141201_2240/lib/testng.jar:D:\Lena\repository\programming-for-testers\addressbook-seleniun-tests\bin:D:\Lena\eclipse\plugins\org.testng.eclipse_6.8.6.20141201_2240\lib\testng.jar:D:\Lena\selenium-server-standalone-2.44.0.jar org.testng.remote.RemoteTestNG -serport 57971 -d D:\Lena\repository\programming-for-testers\addressbook-seleniun-tests\test-output C:\Users\ADMINI~1\AppData\Local\Temp\testng-eclipse--1570460407\testng-customsuite.xml

!ENTRY org.testng.eclipse 1 0 2014-12-24 12:28:16.506
!MESSAGE [TestNGLaunchShortcut] Examining Java element:GroupCreationTests.java [in com.example.tests [in src [in addressbook-seleniun-tests]]]
  package com.example.tests
  import org.testng.annotations.Test
  class GroupCreationTests
    void testNonEmptyGroupCreation()
    void testEmptyGroupCreation1()

!ENTRY org.testng.eclipse 1 0 2014-12-24 12:28:16.756
!MESSAGE [TestNGLaunchConfigurationDelegate] Launching:
  Classpath: /D:/Lena/eclipse/plugins/org.testng.eclipse_6.8.6.20141201_2240/lib/testng.jar D:\Lena\repository\programming-for-testers\addressbook-seleniun-tests\bin D:\Lena\eclipse\plugins\org.testng.eclipse_6.8.6.20141201_2240\lib\testng.jar D:\Lena\selenium-server-standalone-2.44.0.jar
  VMArgs:    -ea
  Class:     org.testng.remote.RemoteTestNG
  Args:      -serport 58007 -d D:\Lena\repository\programming-for-testers\addressbook-seleniun-tests\test-output C:\Users\ADMINI~1\AppData\Local\Temp\testng-eclipse-2060307694\testng-customsuite.xml
java -ea -classpath /D:/Lena/eclipse/plugins/org.testng.eclipse_6.8.6.20141201_2240/lib/testng.jar:D:\Lena\repository\programming-for-testers\addressbook-seleniun-tests\bin:D:\Lena\eclipse\plugins\org.testng.eclipse_6.8.6.20141201_2240\lib\testng.jar:D:\Lena\selenium-server-standalone-2.44.0.jar org.testng.remote.RemoteTestNG -serport 58007 -d D:\Lena\repository\programming-for-testers\addressbook-seleniun-tests\test-output C:\Users\ADMINI~1\AppData\Local\Temp\testng-eclipse-2060307694\testng-customsuite.xml

!ENTRY org.testng.eclipse 1 0 2014-12-24 12:28:44.265
!MESSAGE [TestNGLaunchShortcut] Examining Java element:GroupModificationTests.java [in com.example.tests [in src [in addressbook-seleniun-tests]]]
  package com.example.tests
  import org.testng.annotations.Test
  class GroupModificationTests
    void modificationSomeGroup()

!ENTRY org.testng.eclipse 1 0 2014-12-24 12:28:44.296
!MESSAGE [TestNGLaunchConfigurationDelegate] Launching:
  Classpath: /D:/Lena/eclipse/plugins/org.testng.eclipse_6.8.6.20141201_2240/lib/testng.jar D:\Lena\repository\programming-for-testers\addressbook-seleniun-tests\bin D:\Lena\eclipse\plugins\org.testng.eclipse_6.8.6.20141201_2240\lib\testng.jar D:\Lena\selenium-server-standalone-2.44.0.jar
  VMArgs:    -ea
  Class:     org.testng.remote.RemoteTestNG
  Args:      -serport 58080 -d D:\Lena\repository\programming-for-testers\addressbook-seleniun-tests\test-output C:\Users\ADMINI~1\AppData\Local\Temp\testng-eclipse--1101158694\testng-customsuite.xml
java -ea -classpath /D:/Lena/eclipse/plugins/org.testng.eclipse_6.8.6.20141201_2240/lib/testng.jar:D:\Lena\repository\programming-for-testers\addressbook-seleniun-tests\bin:D:\Lena\eclipse\plugins\org.testng.eclipse_6.8.6.20141201_2240\lib\testng.jar:D:\Lena\selenium-server-standalone-2.44.0.jar org.testng.remote.RemoteTestNG -serport 58080 -d D:\Lena\repository\programming-for-testers\addressbook-seleniun-tests\test-output C:\Users\ADMINI~1\AppData\Local\Temp\testng-eclipse--1101158694\testng-customsuite.xml

!ENTRY org.testng.eclipse 1 0 2014-12-24 12:29:09.281
!MESSAGE [TestNGLaunchShortcut] Examining Java element:ContactCreationTests.java [in com.example.tests [in src [in addressbook-seleniun-tests]]]
  package com.example.tests
  import org.testng.annotations.Test
  class ContactCreationTests
    void testEmptyContactCreation()
    void testNonEmptyContactCreation()

!ENTRY org.testng.eclipse 1 0 2014-12-24 12:29:09.312
!MESSAGE [TestNGLaunchConfigurationDelegate] Launching:
  Classpath: /D:/Lena/eclipse/plugins/org.testng.eclipse_6.8.6.20141201_2240/lib/testng.jar D:\Lena\repository\programming-for-testers\addressbook-seleniun-tests\bin D:\Lena\eclipse\plugins\org.testng.eclipse_6.8.6.20141201_2240\lib\testng.jar D:\Lena\selenium-server-standalone-2.44.0.jar
  VMArgs:    -ea
  Class:     org.testng.remote.RemoteTestNG
  Args:      -serport 58120 -d D:\Lena\repository\programming-for-testers\addressbook-seleniun-tests\test-output C:\Users\ADMINI~1\AppData\Local\Temp\testng-eclipse-2060368991\testng-customsuite.xml
java -ea -classpath /D:/Lena/eclipse/plugins/org.testng.eclipse_6.8.6.20141201_2240/lib/testng.jar:D:\Lena\repository\programming-for-testers\addressbook-seleniun-tests\bin:D:\Lena\eclipse\plugins\org.testng.eclipse_6.8.6.20141201_2240\lib\testng.jar:D:\Lena\selenium-server-standalone-2.44.0.jar org.testng.remote.RemoteTestNG -serport 58120 -d D:\Lena\repository\programming-for-testers\addressbook-seleniun-tests\test-output C:\Users\ADMINI~1\AppData\Local\Temp\testng-eclipse-2060368991\testng-customsuite.xml

!ENTRY org.testng.eclipse 1 0 2014-12-24 12:31:39.930
!MESSAGE [TestNGLaunchShortcut] Examining Java element:[Working copy] ContactCreationTests.java [in com.example.tests [in src [in addressbook-seleniun-tests]]]
  package com.example.tests
  import org.testng.annotations.Test
  class ContactCreationTests
    void testEmptyContactCreation()
    void testNonEmptyContactCreation()

!ENTRY org.testng.eclipse 1 0 2014-12-24 12:31:39.976
!MESSAGE [TestNGLaunchConfigurationDelegate] Launching:
  Classpath: /D:/Lena/eclipse/plugins/org.testng.eclipse_6.8.6.20141201_2240/lib/testng.jar D:\Lena\repository\programming-for-testers\addressbook-seleniun-tests\bin D:\Lena\eclipse\plugins\org.testng.eclipse_6.8.6.20141201_2240\lib\testng.jar D:\Lena\selenium-server-standalone-2.44.0.jar
  VMArgs:    -ea
  Class:     org.testng.remote.RemoteTestNG
  Args:      -serport 54068 -d D:\Lena\repository\programming-for-testers\addressbook-seleniun-tests\test-output C:\Users\ADMINI~1\AppData\Local\Temp\testng-eclipse--2016431999\testng-customsuite.xml
java -ea -classpath /D:/Lena/eclipse/plugins/org.testng.eclipse_6.8.6.20141201_2240/lib/testng.jar:D:\Lena\repository\programming-for-testers\addressbook-seleniun-tests\bin:D:\Lena\eclipse\plugins\org.testng.eclipse_6.8.6.20141201_2240\lib\testng.jar:D:\Lena\selenium-server-standalone-2.44.0.jar org.testng.remote.RemoteTestNG -serport 54068 -d D:\Lena\repository\programming-for-testers\addressbook-seleniun-tests\test-output C:\Users\ADMINI~1\AppData\Local\Temp\testng-eclipse--2016431999\testng-customsuite.xml

!ENTRY org.testng.eclipse 1 0 2014-12-24 12:32:00.214
!MESSAGE [TestNGLaunchShortcut] Examining Java element:ContactModificationTests.java [in com.example.tests [in src [in addressbook-seleniun-tests]]]
  package com.example.tests
  import org.testng.annotations.Test
  class ContactModificationTests
    void modificationSomeContact()

!ENTRY org.testng.eclipse 1 0 2014-12-24 12:32:00.245
!MESSAGE [TestNGLaunchConfigurationDelegate] Launching:
  Classpath: /D:/Lena/eclipse/plugins/org.testng.eclipse_6.8.6.20141201_2240/lib/testng.jar D:\Lena\repository\programming-for-testers\addressbook-seleniun-tests\bin D:\Lena\eclipse\plugins\org.testng.eclipse_6.8.6.20141201_2240\lib\testng.jar D:\Lena\selenium-server-standalone-2.44.0.jar
  VMArgs:    -ea
  Class:     org.testng.remote.RemoteTestNG
  Args:      -serport 54210 -d D:\Lena\repository\programming-for-testers\addressbook-seleniun-tests\test-output C:\Users\ADMINI~1\AppData\Local\Temp\testng-eclipse-1742210655\testng-customsuite.xml
java -ea -classpath /D:/Lena/eclipse/plugins/org.testng.eclipse_6.8.6.20141201_2240/lib/testng.jar:D:\Lena\repository\programming-for-testers\addressbook-seleniun-tests\bin:D:\Lena\eclipse\plugins\org.testng.eclipse_6.8.6.20141201_2240\lib\testng.jar:D:\Lena\selenium-server-standalone-2.44.0.jar org.testng.remote.RemoteTestNG -serport 54210 -d D:\Lena\repository\programming-for-testers\addressbook-seleniun-tests\test-output C:\Users\ADMINI~1\AppData\Local\Temp\testng-eclipse-1742210655\testng-customsuite.xml

!ENTRY org.testng.eclipse 1 0 2014-12-24 12:32:20.550
!MESSAGE [TestNGLaunchShortcut] Examining Java element:ContactRemovalTests.java [in com.example.tests [in src [in addressbook-seleniun-tests]]]
  package com.example.tests
  import org.testng.annotations.Test
  class ContactRemovalTests
    void deleteSomeContact()

!ENTRY org.testng.eclipse 1 0 2014-12-24 12:32:20.644
!MESSAGE [TestNGLaunchConfigurationDelegate] Launching:
  Classpath: /D:/Lena/eclipse/plugins/org.testng.eclipse_6.8.6.20141201_2240/lib/testng.jar D:\Lena\repository\programming-for-testers\addressbook-seleniun-tests\bin D:\Lena\eclipse\plugins\org.testng.eclipse_6.8.6.20141201_2240\lib\testng.jar D:\Lena\selenium-server-standalone-2.44.0.jar
  VMArgs:    -ea
  Class:     org.testng.remote.RemoteTestNG
  Args:      -serport 54247 -d D:\Lena\repository\programming-for-testers\addressbook-seleniun-tests\test-output C:\Users\ADMINI~1\AppData\Local\Temp\testng-eclipse--680522521\testng-customsuite.xml
java -ea -classpath /D:/Lena/eclipse/plugins/org.testng.eclipse_6.8.6.20141201_2240/lib/testng.jar:D:\Lena\repository\programming-for-testers\addressbook-seleniun-tests\bin:D:\Lena\eclipse\plugins\org.testng.eclipse_6.8.6.20141201_2240\lib\testng.jar:D:\Lena\selenium-server-standalone-2.44.0.jar org.testng.remote.RemoteTestNG -serport 54247 -d D:\Lena\repository\programming-for-testers\addressbook-seleniun-tests\test-output C:\Users\ADMINI~1\AppData\Local\Temp\testng-eclipse--680522521\testng-customsuite.xml

!ENTRY org.testng.eclipse 1 0 2014-12-24 12:32:40.850
!MESSAGE [TestNGLaunchShortcut] Examining Java element:com.example.tests [in src [in addressbook-seleniun-tests]]
  ContactData.java
    package com.example.tests
    class ContactData
      String firstName
      String lastName
      String homePhone
      String mobilePhome
      String workPhone
      String mail
      String mail2
      String year
      String address
      String home
      ContactData()
      ContactData(String, String, String, String, String, String, String, String, String, String)
  GroupRemovalTests.java
    package com.example.tests
    import org.testng.annotations.Test
    class GroupRemovalTests
      void deleteSomeGroup()
  ContactRemovalTests.java
    package com.example.tests
    import org.testng.annotations.Test
    class ContactRemovalTests
      void deleteSomeContact()
  SelectContactData.java
    package com.example.tests
    class SelectContactData
      String day
      String month
      String group
      SelectContactData()
      SelectContactData(String, String, String)
  TestBase.java
    package com.example.tests
    import org.testng.annotations.AfterTest
    import org.testng.annotations.BeforeTest
    import com.example.fw.ApplicationManager
    class TestBase
      ApplicationManager app
      void setUp()
      void tearDown()
  GroupModificationTests.java
    package com.example.tests
    import org.testng.annotations.Test
    class GroupModificationTests
      void modificationSomeGroup()
  GroupData.java
    package com.example.tests
    class GroupData
      String name
      String header
      String footer
      GroupData()
      GroupData(String, String, String)
  ContactModificationTests.java
    package com.example.tests
    import org.testng.annotations.Test
    class ContactModificationTests
      void modificationSomeContact()
  GroupCreationTests.java
    package com.example.tests
    import org.testng.annotations.Test
    class GroupCreationTests
      void testNonEmptyGroupCreation()
      void testEmptyGroupCreation1()
  [Working copy] ContactCreationTests.java
    package com.example.tests
    import org.testng.annotations.Test
    class ContactCreationTests
      void testEmptyContactCreation()
      void testNonEmptyContactCreation()

!ENTRY org.testng.eclipse 1 0 2014-12-24 12:32:40.897
!MESSAGE [TestNGLaunchConfigurationDelegate] Launching:
  Classpath: /D:/Lena/eclipse/plugins/org.testng.eclipse_6.8.6.20141201_2240/lib/testng.jar D:\Lena\repository\programming-for-testers\addressbook-seleniun-tests\bin D:\Lena\eclipse\plugins\org.testng.eclipse_6.8.6.20141201_2240\lib\testng.jar D:\Lena\selenium-server-standalone-2.44.0.jar
  VMArgs:    -ea
  Class:     org.testng.remote.RemoteTestNG
  Args:      -serport 54279 -d D:\Lena\repository\programming-for-testers\addressbook-seleniun-tests\test-output C:\Users\ADMINI~1\AppData\Local\Temp\testng-eclipse-780215811\testng-customsuite.xml
java -ea -classpath /D:/Lena/eclipse/plugins/org.testng.eclipse_6.8.6.20141201_2240/lib/testng.jar:D:\Lena\repository\programming-for-testers\addressbook-seleniun-tests\bin:D:\Lena\eclipse\plugins\org.testng.eclipse_6.8.6.20141201_2240\lib\testng.jar:D:\Lena\selenium-server-standalone-2.44.0.jar org.testng.remote.RemoteTestNG -serport 54279 -d D:\Lena\repository\programming-for-testers\addressbook-seleniun-tests\test-output C:\Users\ADMINI~1\AppData\Local\Temp\testng-eclipse-780215811\testng-customsuite.xml

!ENTRY org.testng.eclipse 1 0 2014-12-24 12:36:23.109
!MESSAGE [TestNGLaunchShortcut] Examining Java element:[Working copy] ContactCreationTests.java [in com.example.tests [in src [in addressbook-seleniun-tests]]]
  package com.example.tests
  import org.testng.annotations.Test
  class ContactCreationTests
    void testEmptyContactCreation()
    void testNonEmptyContactCreation()

!ENTRY org.testng.eclipse 1 0 2014-12-24 12:36:23.156
!MESSAGE [TestNGLaunchConfigurationDelegate] Launching:
  Classpath: /D:/Lena/eclipse/plugins/org.testng.eclipse_6.8.6.20141201_2240/lib/testng.jar D:\Lena\repository\programming-for-testers\addressbook-seleniun-tests\bin D:\Lena\eclipse\plugins\org.testng.eclipse_6.8.6.20141201_2240\lib\testng.jar D:\Lena\selenium-server-standalone-2.44.0.jar
  VMArgs:    -ea
  Class:     org.testng.remote.RemoteTestNG
  Args:      -serport 54301 -d D:\Lena\repository\programming-for-testers\addressbook-seleniun-tests\test-output C:\Users\ADMINI~1\AppData\Local\Temp\testng-eclipse--1008194479\testng-customsuite.xml
java -ea -classpath /D:/Lena/eclipse/plugins/org.testng.eclipse_6.8.6.20141201_2240/lib/testng.jar:D:\Lena\repository\programming-for-testers\addressbook-seleniun-tests\bin:D:\Lena\eclipse\plugins\org.testng.eclipse_6.8.6.20141201_2240\lib\testng.jar:D:\Lena\selenium-server-standalone-2.44.0.jar org.testng.remote.RemoteTestNG -serport 54301 -d D:\Lena\repository\programming-for-testers\addressbook-seleniun-tests\test-output C:\Users\ADMINI~1\AppData\Local\Temp\testng-eclipse--1008194479\testng-customsuite.xml

!ENTRY org.testng.eclipse 1 0 2014-12-24 12:36:50.127
!MESSAGE [TestNGLaunchShortcut] Examining Java element:[Working copy] ContactCreationTests.java [in com.example.tests [in src [in addressbook-seleniun-tests]]]
  package com.example.tests
  import org.testng.annotations.Test
  class ContactCreationTests
    void testEmptyContactCreation()
    void testNonEmptyContactCreation()

!ENTRY org.testng.eclipse 1 0 2014-12-24 12:36:50.174
!MESSAGE [TestNGLaunchConfigurationDelegate] Launching:
  Classpath: /D:/Lena/eclipse/plugins/org.testng.eclipse_6.8.6.20141201_2240/lib/testng.jar D:\Lena\repository\programming-for-testers\addressbook-seleniun-tests\bin D:\Lena\eclipse\plugins\org.testng.eclipse_6.8.6.20141201_2240\lib\testng.jar D:\Lena\selenium-server-standalone-2.44.0.jar
  VMArgs:    -ea
  Class:     org.testng.remote.RemoteTestNG
  Args:      -serport 54444 -d D:\Lena\repository\programming-for-testers\addressbook-seleniun-tests\test-output C:\Users\ADMINI~1\AppData\Local\Temp\testng-eclipse--1340586880\testng-customsuite.xml
java -ea -classpath /D:/Lena/eclipse/plugins/org.testng.eclipse_6.8.6.20141201_2240/lib/testng.jar:D:\Lena\repository\programming-for-testers\addressbook-seleniun-tests\bin:D:\Lena\eclipse\plugins\org.testng.eclipse_6.8.6.20141201_2240\lib\testng.jar:D:\Lena\selenium-server-standalone-2.44.0.jar org.testng.remote.RemoteTestNG -serport 54444 -d D:\Lena\repository\programming-for-testers\addressbook-seleniun-tests\test-output C:\Users\ADMINI~1\AppData\Local\Temp\testng-eclipse--1340586880\testng-customsuite.xml
